"C:/Users/gamen/Desktop/Learning UE4/AdvancedSession/Content/Base/BaseMaterial.uasset" 0
"C:/Users/gamen/Desktop/Learning UE4/AdvancedSession/Content/Base/BaseMaterial.uexp" 1
"C:/Users/gamen/Desktop/Learning UE4/AdvancedSession/Content/Base/FirstPersonProjectileMaterial.uasset" 2
"C:/Users/gamen/Desktop/Learning UE4/AdvancedSession/Content/Base/FirstPersonProjectileMaterial.uexp" 3
"C:/Users/gamen/Desktop/Learning UE4/AdvancedSession/Content/Base/FirstPersonProjectileMesh.uasset" 4
"C:/Users/gamen/Desktop/Learning UE4/AdvancedSession/Content/Base/FirstPersonProjectileMesh.uexp" 5
"C:/Users/gamen/Desktop/Learning UE4/AdvancedSession/Content/Base/FirstPersonTemplateWeaponFire02.uasset" 6
"C:/Users/gamen/Desktop/Learning UE4/AdvancedSession/Content/Base/FirstPersonTemplateWeaponFire02.uexp" 7
"../../../Engine/Content/EditorBlueprintResources/StandardMacros.uasset" 8
"../../../Engine/Content/EditorBlueprintResources/StandardMacros.uexp" 9
"../../../Engine/Content/EditorBlueprintResources/ActorMacros.uasset" 10
"../../../Engine/Content/EditorBlueprintResources/ActorMacros.uexp" 11
"C:/Users/gamen/Desktop/Learning UE4/AdvancedSession/Content/Mannequin/Character/Textures/UE4_LOGO_CARD.uasset" 12
"C:/Users/gamen/Desktop/Learning UE4/AdvancedSession/Content/Mannequin/Character/Textures/UE4_LOGO_CARD.uexp" 13
"C:/Users/gamen/Desktop/Learning UE4/AdvancedSession/Content/Mannequin/Character/Textures/UE4_LOGO_CARD.ubulk" 14
"C:/Users/gamen/Desktop/Learning UE4/AdvancedSession/Content/Mannequin/Character/Materials/MaterialLayers/T_ML_Rubber_Blue_01_N.uasset" 15
"C:/Users/gamen/Desktop/Learning UE4/AdvancedSession/Content/Mannequin/Character/Materials/MaterialLayers/T_ML_Rubber_Blue_01_N.uexp" 16
"C:/Users/gamen/Desktop/Learning UE4/AdvancedSession/Content/Mannequin/Character/Materials/MaterialLayers/T_ML_Rubber_Blue_01_N.ubulk" 17
"C:/Users/gamen/Desktop/Learning UE4/AdvancedSession/Content/Mannequin/Character/Materials/MaterialLayers/T_ML_Rubber_Blue_01_D.uasset" 18
"C:/Users/gamen/Desktop/Learning UE4/AdvancedSession/Content/Mannequin/Character/Materials/MaterialLayers/T_ML_Rubber_Blue_01_D.uexp" 19
"C:/Users/gamen/Desktop/Learning UE4/AdvancedSession/Content/Mannequin/Character/Materials/MaterialLayers/T_ML_Rubber_Blue_01_D.ubulk" 20
"C:/Users/gamen/Desktop/Learning UE4/AdvancedSession/Content/Mannequin/Character/Materials/MaterialLayers/T_ML_Aluminum01_N.uasset" 21
"C:/Users/gamen/Desktop/Learning UE4/AdvancedSession/Content/Mannequin/Character/Materials/MaterialLayers/T_ML_Aluminum01_N.uexp" 22
"C:/Users/gamen/Desktop/Learning UE4/AdvancedSession/Content/Mannequin/Character/Materials/MaterialLayers/T_ML_Aluminum01_N.ubulk" 23
"C:/Users/gamen/Desktop/Learning UE4/AdvancedSession/Content/Mannequin/Character/Materials/MaterialLayers/T_ML_Aluminum01.uasset" 24
"C:/Users/gamen/Desktop/Learning UE4/AdvancedSession/Content/Mannequin/Character/Materials/MaterialLayers/T_ML_Aluminum01.uexp" 25
"C:/Users/gamen/Desktop/Learning UE4/AdvancedSession/Content/Mannequin/Character/Materials/MaterialLayers/T_ML_Aluminum01.ubulk" 26
"C:/Users/gamen/Desktop/Learning UE4/AdvancedSession/Content/Mannequin/Character/Textures/UE4_Mannequin_MAT_MASKA.uasset" 27
"C:/Users/gamen/Desktop/Learning UE4/AdvancedSession/Content/Mannequin/Character/Textures/UE4_Mannequin_MAT_MASKA.uexp" 28
"C:/Users/gamen/Desktop/Learning UE4/AdvancedSession/Content/Mannequin/Character/Textures/UE4_Mannequin_MAT_MASKA.ubulk" 29
"C:/Users/gamen/Desktop/Learning UE4/AdvancedSession/Content/Mannequin/Character/Textures/UE4_Mannequin__normals.uasset" 30
"C:/Users/gamen/Desktop/Learning UE4/AdvancedSession/Content/Mannequin/Character/Textures/UE4_Mannequin__normals.uexp" 31
"C:/Users/gamen/Desktop/Learning UE4/AdvancedSession/Content/Mannequin/Character/Textures/UE4_Mannequin__normals.ubulk" 32
"C:/Users/gamen/Desktop/Learning UE4/AdvancedSession/Content/Mannequin/Character/Materials/MaterialLayers/ML_SoftMetal_UE4.uasset" 33
"C:/Users/gamen/Desktop/Learning UE4/AdvancedSession/Content/Mannequin/Character/Materials/MaterialLayers/ML_SoftMetal_UE4.uexp" 34
"C:/Users/gamen/Desktop/Learning UE4/AdvancedSession/Content/Mannequin/Character/Materials/MaterialLayers/ML_Plastic_Shiny_Beige_LOGO.uasset" 35
"C:/Users/gamen/Desktop/Learning UE4/AdvancedSession/Content/Mannequin/Character/Materials/MaterialLayers/ML_Plastic_Shiny_Beige_LOGO.uexp" 36
"C:/Users/gamen/Desktop/Learning UE4/AdvancedSession/Content/Mannequin/Character/Materials/MaterialLayers/ML_Plastic_Shiny_Beige.uasset" 37
"C:/Users/gamen/Desktop/Learning UE4/AdvancedSession/Content/Mannequin/Character/Materials/MaterialLayers/ML_Plastic_Shiny_Beige.uexp" 38
"C:/Users/gamen/Desktop/Learning UE4/AdvancedSession/Content/Mannequin/Character/Materials/MaterialLayers/ML_GlossyBlack_Latex_UE4.uasset" 39
"C:/Users/gamen/Desktop/Learning UE4/AdvancedSession/Content/Mannequin/Character/Materials/MaterialLayers/ML_GlossyBlack_Latex_UE4.uexp" 40
"../../../Engine/Content/Functions/MaterialLayerFunctions/MatLayerBlend_Simple.uasset" 41
"../../../Engine/Content/Functions/MaterialLayerFunctions/MatLayerBlend_Simple.uexp" 42
"../../../Engine/Content/Functions/Engine_MaterialFunctions02/Utility/BlendAngleCorrectedNormals.uasset" 43
"../../../Engine/Content/Functions/Engine_MaterialFunctions02/Utility/BlendAngleCorrectedNormals.uexp" 44
"../../../Engine/Content/Functions/MaterialLayerFunctions/MatLayerBlend_NormalBlend.uasset" 45
"../../../Engine/Content/Functions/MaterialLayerFunctions/MatLayerBlend_NormalBlend.uexp" 46
"C:/Users/gamen/Desktop/Learning UE4/AdvancedSession/Content/Mannequin/Character/Materials/M_UE4Man_Body.uasset" 47
"C:/Users/gamen/Desktop/Learning UE4/AdvancedSession/Content/Mannequin/Character/Materials/M_UE4Man_Body.uexp" 48
"C:/Users/gamen/Desktop/Learning UE4/AdvancedSession/Content/Mannequin/Character/Materials/M_UE4Man_Body_Inst.uasset" 49
"C:/Users/gamen/Desktop/Learning UE4/AdvancedSession/Content/Mannequin/Character/Materials/M_UE4Man_Body_Inst.uexp" 50
"C:/Users/gamen/Desktop/Learning UE4/AdvancedSession/Content/Mannequin/Character/Mesh/SK_Mannequin_PhysicsAsset.uasset" 51
"C:/Users/gamen/Desktop/Learning UE4/AdvancedSession/Content/Mannequin/Character/Mesh/SK_Mannequin_PhysicsAsset.uexp" 52
"C:/Users/gamen/Desktop/Learning UE4/AdvancedSession/Content/Mannequin/Character/Textures/UE4Man_Logo_N.uasset" 53
"C:/Users/gamen/Desktop/Learning UE4/AdvancedSession/Content/Mannequin/Character/Textures/UE4Man_Logo_N.uexp" 54
"C:/Users/gamen/Desktop/Learning UE4/AdvancedSession/Content/Mannequin/Character/Textures/UE4Man_Logo_N.ubulk" 55
"C:/Users/gamen/Desktop/Learning UE4/AdvancedSession/Content/Mannequin/Character/Materials/M_UE4Man_ChestLogo.uasset" 56
"C:/Users/gamen/Desktop/Learning UE4/AdvancedSession/Content/Mannequin/Character/Materials/M_UE4Man_ChestLogo.uexp" 57
"C:/Users/gamen/Desktop/Learning UE4/AdvancedSession/Content/Mannequin/Character/Mesh/UE4_Mannequin_Skeleton.uasset" 58
"C:/Users/gamen/Desktop/Learning UE4/AdvancedSession/Content/Mannequin/Character/Mesh/UE4_Mannequin_Skeleton.uexp" 59
"C:/Users/gamen/Desktop/Learning UE4/AdvancedSession/Content/Mannequin/Character/Mesh/SK_Mannequin.uasset" 60
"C:/Users/gamen/Desktop/Learning UE4/AdvancedSession/Content/Mannequin/Character/Mesh/SK_Mannequin.uexp" 61
"../../../Engine/Content/Animation/DefaultAnimCurveCompressionSettings.uasset" 62
"../../../Engine/Content/Animation/DefaultAnimCurveCompressionSettings.uexp" 63
"../../../Engine/Content/Animation/DefaultAnimBoneCompressionSettings.uasset" 64
"../../../Engine/Content/Animation/DefaultAnimBoneCompressionSettings.uexp" 65
"C:/Users/gamen/Desktop/Learning UE4/AdvancedSession/Content/Mannequin/Animations/AnimStarterPack/Unequip_Rifle_Standing.uasset" 66
"C:/Users/gamen/Desktop/Learning UE4/AdvancedSession/Content/Mannequin/Animations/AnimStarterPack/Unequip_Rifle_Standing.uexp" 67
"C:/Users/gamen/Desktop/Learning UE4/AdvancedSession/Content/Mannequin/Animations/Montage/Unequip_Rifle_Standing_Montage.uasset" 68
"C:/Users/gamen/Desktop/Learning UE4/AdvancedSession/Content/Mannequin/Animations/Montage/Unequip_Rifle_Standing_Montage.uexp" 69
"C:/Users/gamen/Desktop/Learning UE4/AdvancedSession/Content/Mannequin/Animations/AnimStarterPack/Equip_Rifle_Standing.uasset" 70
"C:/Users/gamen/Desktop/Learning UE4/AdvancedSession/Content/Mannequin/Animations/AnimStarterPack/Equip_Rifle_Standing.uexp" 71
"C:/Users/gamen/Desktop/Learning UE4/AdvancedSession/Content/Mannequin/Animations/Montage/Equip_Rifle_Standing_Montage.uasset" 72
"C:/Users/gamen/Desktop/Learning UE4/AdvancedSession/Content/Mannequin/Animations/Montage/Equip_Rifle_Standing_Montage.uexp" 73
"C:/Users/gamen/Desktop/Learning UE4/AdvancedSession/Content/Mannequin/Animations/Base/ThirdPerson_Jump.uasset" 74
"C:/Users/gamen/Desktop/Learning UE4/AdvancedSession/Content/Mannequin/Animations/Base/ThirdPerson_Jump.uexp" 75
"C:/Users/gamen/Desktop/Learning UE4/AdvancedSession/Content/Mannequin/Animations/Base/ThirdPersonJump_Start.uasset" 76
"C:/Users/gamen/Desktop/Learning UE4/AdvancedSession/Content/Mannequin/Animations/Base/ThirdPersonJump_Start.uexp" 77
"C:/Users/gamen/Desktop/Learning UE4/AdvancedSession/Content/Mannequin/Animations/Base/ThirdPersonJump_Loop.uasset" 78
"C:/Users/gamen/Desktop/Learning UE4/AdvancedSession/Content/Mannequin/Animations/Base/ThirdPersonJump_Loop.uexp" 79
"C:/Users/gamen/Desktop/Learning UE4/AdvancedSession/Content/Mannequin/Animations/AimDown/Aim_Hip_Main.uasset" 80
"C:/Users/gamen/Desktop/Learning UE4/AdvancedSession/Content/Mannequin/Animations/AimDown/Aim_Hip_Main.uexp" 81
"C:/Users/gamen/Desktop/Learning UE4/AdvancedSession/Content/Mannequin/Animations/AimDown/Aim_Hip_U.uasset" 82
"C:/Users/gamen/Desktop/Learning UE4/AdvancedSession/Content/Mannequin/Animations/AimDown/Aim_Hip_U.uexp" 83
"C:/Users/gamen/Desktop/Learning UE4/AdvancedSession/Content/Mannequin/Animations/AimDown/Aim_Hip_D.uasset" 84
"C:/Users/gamen/Desktop/Learning UE4/AdvancedSession/Content/Mannequin/Animations/AimDown/Aim_Hip_D.uexp" 85
"C:/Users/gamen/Desktop/Learning UE4/AdvancedSession/Content/Mannequin/Animations/AimDown/Aim_Hip_CC.uasset" 86
"C:/Users/gamen/Desktop/Learning UE4/AdvancedSession/Content/Mannequin/Animations/AimDown/Aim_Hip_CC.uexp" 87
"C:/Users/gamen/Desktop/Learning UE4/AdvancedSession/Content/Mannequin/Animations/AimDown_HiP.uasset" 88
"C:/Users/gamen/Desktop/Learning UE4/AdvancedSession/Content/Mannequin/Animations/AimDown_HiP.uexp" 89
"C:/Users/gamen/Desktop/Learning UE4/AdvancedSession/Content/Mannequin/Animations/Base/ThirdPersonWalk.uasset" 90
"C:/Users/gamen/Desktop/Learning UE4/AdvancedSession/Content/Mannequin/Animations/Base/ThirdPersonWalk.uexp" 91
"C:/Users/gamen/Desktop/Learning UE4/AdvancedSession/Content/Mannequin/Animations/Base/ThirdPersonRun.uasset" 92
"C:/Users/gamen/Desktop/Learning UE4/AdvancedSession/Content/Mannequin/Animations/Base/ThirdPersonRun.uexp" 93
"C:/Users/gamen/Desktop/Learning UE4/AdvancedSession/Content/Mannequin/Animations/Base/ThirdPersonIdle.uasset" 94
"C:/Users/gamen/Desktop/Learning UE4/AdvancedSession/Content/Mannequin/Animations/Base/ThirdPersonIdle.uexp" 95
"C:/Users/gamen/Desktop/Learning UE4/AdvancedSession/Content/Mannequin/Animations/Base/ThirdPerson_IdleRun_2D.uasset" 96
"C:/Users/gamen/Desktop/Learning UE4/AdvancedSession/Content/Mannequin/Animations/Base/ThirdPerson_IdleRun_2D.uexp" 97
"C:/Users/gamen/Desktop/Learning UE4/AdvancedSession/Content/Mannequin/Animations/AnimStarterPack/Walk_Rt_Rifle_Ironsights.uasset" 98
"C:/Users/gamen/Desktop/Learning UE4/AdvancedSession/Content/Mannequin/Animations/AnimStarterPack/Walk_Rt_Rifle_Ironsights.uexp" 99
"C:/Users/gamen/Desktop/Learning UE4/AdvancedSession/Content/Mannequin/Animations/AnimStarterPack/Walk_Lt_Rifle_Ironsights.uasset" 100
"C:/Users/gamen/Desktop/Learning UE4/AdvancedSession/Content/Mannequin/Animations/AnimStarterPack/Walk_Lt_Rifle_Ironsights.uexp" 101
"C:/Users/gamen/Desktop/Learning UE4/AdvancedSession/Content/Mannequin/Animations/AnimStarterPack/Walk_Fwd_Rifle_Ironsights.uasset" 102
"C:/Users/gamen/Desktop/Learning UE4/AdvancedSession/Content/Mannequin/Animations/AnimStarterPack/Walk_Fwd_Rifle_Ironsights.uexp" 103
"C:/Users/gamen/Desktop/Learning UE4/AdvancedSession/Content/Mannequin/Animations/AnimStarterPack/Walk_Bwd_Rifle_Ironsights.uasset" 104
"C:/Users/gamen/Desktop/Learning UE4/AdvancedSession/Content/Mannequin/Animations/AnimStarterPack/Walk_Bwd_Rifle_Ironsights.uexp" 105
"C:/Users/gamen/Desktop/Learning UE4/AdvancedSession/Content/Mannequin/Animations/AnimStarterPack/Idle_Rifle_Ironsights.uasset" 106
"C:/Users/gamen/Desktop/Learning UE4/AdvancedSession/Content/Mannequin/Animations/AnimStarterPack/Idle_Rifle_Ironsights.uexp" 107
"C:/Users/gamen/Desktop/Learning UE4/AdvancedSession/Content/Mannequin/Animations/AnimStarterPack/BS_Jog_IronSight.uasset" 108
"C:/Users/gamen/Desktop/Learning UE4/AdvancedSession/Content/Mannequin/Animations/AnimStarterPack/BS_Jog_IronSight.uexp" 109
"C:/Users/gamen/Desktop/Learning UE4/AdvancedSession/Content/Mannequin/Animations/AnimStarterPack/Jog_Rt_Rifle.uasset" 110
"C:/Users/gamen/Desktop/Learning UE4/AdvancedSession/Content/Mannequin/Animations/AnimStarterPack/Jog_Rt_Rifle.uexp" 111
"C:/Users/gamen/Desktop/Learning UE4/AdvancedSession/Content/Mannequin/Animations/AnimStarterPack/Jog_Lt_Rifle.uasset" 112
"C:/Users/gamen/Desktop/Learning UE4/AdvancedSession/Content/Mannequin/Animations/AnimStarterPack/Jog_Lt_Rifle.uexp" 113
"C:/Users/gamen/Desktop/Learning UE4/AdvancedSession/Content/Mannequin/Animations/AnimStarterPack/Idle_Rifle_Hip.uasset" 114
"C:/Users/gamen/Desktop/Learning UE4/AdvancedSession/Content/Mannequin/Animations/AnimStarterPack/Idle_Rifle_Hip.uexp" 115
"C:/Users/gamen/Desktop/Learning UE4/AdvancedSession/Content/Mannequin/Animations/AnimStarterPack/Jog_Fwd_Rifle.uasset" 116
"C:/Users/gamen/Desktop/Learning UE4/AdvancedSession/Content/Mannequin/Animations/AnimStarterPack/Jog_Fwd_Rifle.uexp" 117
"C:/Users/gamen/Desktop/Learning UE4/AdvancedSession/Content/Mannequin/Animations/AnimStarterPack/Jog_Bwd_Rifle.uasset" 118
"C:/Users/gamen/Desktop/Learning UE4/AdvancedSession/Content/Mannequin/Animations/AnimStarterPack/Jog_Bwd_Rifle.uexp" 119
"C:/Users/gamen/Desktop/Learning UE4/AdvancedSession/Content/Mannequin/Animations/AnimStarterPack/BS_Jog.uasset" 120
"C:/Users/gamen/Desktop/Learning UE4/AdvancedSession/Content/Mannequin/Animations/AnimStarterPack/BS_Jog.uexp" 121
"C:/Users/gamen/Desktop/Learning UE4/AdvancedSession/Content/Mannequin/Animations/ThirdPerson_AnimBP.uasset" 122
"C:/Users/gamen/Desktop/Learning UE4/AdvancedSession/Content/Mannequin/Animations/ThirdPerson_AnimBP.uexp" 123
"C:/Users/gamen/Desktop/Learning UE4/AdvancedSession/Content/Mannequin/Animations/AimDown/Aim_Ironsight_Main.uasset" 124
"C:/Users/gamen/Desktop/Learning UE4/AdvancedSession/Content/Mannequin/Animations/AimDown/Aim_Ironsight_Main.uexp" 125
"C:/Users/gamen/Desktop/Learning UE4/AdvancedSession/Content/Base/SK_FPGun_PhysicsAsset.uasset" 126
"C:/Users/gamen/Desktop/Learning UE4/AdvancedSession/Content/Base/SK_FPGun_PhysicsAsset.uexp" 127
"C:/Users/gamen/Desktop/Learning UE4/AdvancedSession/Content/Base/SK_FPGun_Skeleton.uasset" 128
"C:/Users/gamen/Desktop/Learning UE4/AdvancedSession/Content/Base/SK_FPGun_Skeleton.uexp" 129
"C:/Users/gamen/Desktop/Learning UE4/AdvancedSession/Content/Base/SK_FPGun.uasset" 130
"C:/Users/gamen/Desktop/Learning UE4/AdvancedSession/Content/Base/SK_FPGun.uexp" 131
"C:/Users/gamen/Desktop/Learning UE4/AdvancedSession/Content/ThirdPersonBP/Blueprints/MainCharacter.uasset" 132
"C:/Users/gamen/Desktop/Learning UE4/AdvancedSession/Content/ThirdPersonBP/Blueprints/MainCharacter.uexp" 133
"C:/Users/gamen/Desktop/Learning UE4/AdvancedSession/Content/ThirdPersonBP/Blueprints/Character1.uasset" 134
"C:/Users/gamen/Desktop/Learning UE4/AdvancedSession/Content/ThirdPersonBP/Blueprints/Character1.uexp" 135
"C:/Users/gamen/Desktop/Learning UE4/AdvancedSession/Content/Ui/LoadingScreen.uasset" 136
"C:/Users/gamen/Desktop/Learning UE4/AdvancedSession/Content/Ui/LoadingScreen.uexp" 137
"C:/Users/gamen/Desktop/Learning UE4/AdvancedSession/Content/Blueprints/SavePlayerData.uasset" 138
"C:/Users/gamen/Desktop/Learning UE4/AdvancedSession/Content/Blueprints/SavePlayerData.uexp" 139
"C:/Users/gamen/Desktop/Learning UE4/AdvancedSession/Content/Blueprints/MyGameInstance.uasset" 140
"C:/Users/gamen/Desktop/Learning UE4/AdvancedSession/Content/Blueprints/MyGameInstance.uexp" 141
"C:/Users/gamen/Desktop/Learning UE4/AdvancedSession/Content/Blueprints/ChatMessageStructure.uasset" 142
"C:/Users/gamen/Desktop/Learning UE4/AdvancedSession/Content/Blueprints/ChatMessageStructure.uexp" 143
"../../../Engine/Content/Functions/Engine_MaterialFunctions01/Opacity/CameraDepthFade.uasset" 144
"../../../Engine/Content/Functions/Engine_MaterialFunctions01/Opacity/CameraDepthFade.uexp" 145
"../../../Engine/Content/EngineMaterials/T_Default_Material_Grid_N.uasset" 146
"../../../Engine/Content/EngineMaterials/T_Default_Material_Grid_N.uexp" 147
"../../../Engine/Content/EngineMaterials/T_Default_Material_Grid_N.ubulk" 148
"../../../Engine/Content/EngineMaterials/T_Default_Material_Grid_M.uasset" 149
"../../../Engine/Content/EngineMaterials/T_Default_Material_Grid_M.uexp" 150
"../../../Engine/Content/EngineMaterials/T_Default_Material_Grid_M.ubulk" 151
"../../../Engine/Content/EngineMaterials/DefaultMaterial.uasset" 152
"../../../Engine/Content/EngineMaterials/DefaultMaterial.uexp" 153
"../../../Engine/Content/BasicShapes/Sphere.uasset" 154
"../../../Engine/Content/BasicShapes/Sphere.uexp" 155
"../../../Engine/Content/BasicShapes/BasicShapeMaterial.uasset" 156
"../../../Engine/Content/BasicShapes/BasicShapeMaterial.uexp" 157
"C:/Users/gamen/Desktop/Learning UE4/AdvancedSession/Content/Blueprints/SpawnPoints/SpawnPoint_1vs1.uasset" 158
"C:/Users/gamen/Desktop/Learning UE4/AdvancedSession/Content/Blueprints/SpawnPoints/SpawnPoint_1vs1.uexp" 159
"C:/Users/gamen/Desktop/Learning UE4/AdvancedSession/Content/Blueprints/SpawnPoints/DefaultSpawnPoint.uasset" 160
"C:/Users/gamen/Desktop/Learning UE4/AdvancedSession/Content/Blueprints/SpawnPoints/DefaultSpawnPoint.uexp" 161
"C:/Users/gamen/Desktop/Learning UE4/AdvancedSession/Content/Blueprints/MyGameMode.uasset" 162
"C:/Users/gamen/Desktop/Learning UE4/AdvancedSession/Content/Blueprints/MyGameMode.uexp" 163
"C:/Users/gamen/Desktop/Learning UE4/AdvancedSession/Content/Ui/PlayerChild.uasset" 164
"C:/Users/gamen/Desktop/Learning UE4/AdvancedSession/Content/Ui/PlayerChild.uexp" 165
"C:/Users/gamen/Desktop/Learning UE4/AdvancedSession/Content/Ui/ChatMessageChild.uasset" 166
"C:/Users/gamen/Desktop/Learning UE4/AdvancedSession/Content/Ui/ChatMessageChild.uexp" 167
"C:/Users/gamen/Desktop/Learning UE4/AdvancedSession/Content/Ui/ChatWindow.uasset" 168
"C:/Users/gamen/Desktop/Learning UE4/AdvancedSession/Content/Ui/ChatWindow.uexp" 169
"C:/Users/gamen/Desktop/Learning UE4/AdvancedSession/Content/Ui/LobbyWB.uasset" 170
"C:/Users/gamen/Desktop/Learning UE4/AdvancedSession/Content/Ui/LobbyWB.uexp" 171
"C:/Users/gamen/Desktop/Learning UE4/AdvancedSession/Content/Ui/Game/PlayerStatusScoreBoard.uasset" 172
"C:/Users/gamen/Desktop/Learning UE4/AdvancedSession/Content/Ui/Game/PlayerStatusScoreBoard.uexp" 173
"C:/Users/gamen/Desktop/Learning UE4/AdvancedSession/Content/Ui/Game/ScoreBoard.uasset" 174
"C:/Users/gamen/Desktop/Learning UE4/AdvancedSession/Content/Ui/Game/ScoreBoard.uexp" 175
"C:/Users/gamen/Desktop/Learning UE4/AdvancedSession/Content/Ui/Game/GameChatMessageChild.uasset" 176
"C:/Users/gamen/Desktop/Learning UE4/AdvancedSession/Content/Ui/Game/GameChatMessageChild.uexp" 177
"C:/Users/gamen/Desktop/Learning UE4/AdvancedSession/Content/Ui/Game/GameChatWindow.uasset" 178
"C:/Users/gamen/Desktop/Learning UE4/AdvancedSession/Content/Ui/Game/GameChatWindow.uexp" 179
"C:/Users/gamen/Desktop/Learning UE4/AdvancedSession/Content/Ui/Game/GameUI.uasset" 180
"C:/Users/gamen/Desktop/Learning UE4/AdvancedSession/Content/Ui/Game/GameUI.uexp" 181
"C:/Users/gamen/Desktop/Learning UE4/AdvancedSession/Content/Blueprints/MyPlayerController.uasset" 182
"C:/Users/gamen/Desktop/Learning UE4/AdvancedSession/Content/Blueprints/MyPlayerController.uexp" 183
"C:/Users/gamen/Desktop/Learning UE4/AdvancedSession/Content/Mannequin/Animations/AimDown/Aim_Ironsight_U.uasset" 184
"C:/Users/gamen/Desktop/Learning UE4/AdvancedSession/Content/Mannequin/Animations/AimDown/Aim_Ironsight_U.uexp" 185
"C:/Users/gamen/Desktop/Learning UE4/AdvancedSession/Content/Mannequin/Animations/AimDown/Aim_Ironsight_D.uasset" 186
"C:/Users/gamen/Desktop/Learning UE4/AdvancedSession/Content/Mannequin/Animations/AimDown/Aim_Ironsight_D.uexp" 187
"C:/Users/gamen/Desktop/Learning UE4/AdvancedSession/Content/Mannequin/Animations/AimDown/Aim_Ironsight_CC.uasset" 188
"C:/Users/gamen/Desktop/Learning UE4/AdvancedSession/Content/Mannequin/Animations/AimDown/Aim_Ironsight_CC.uexp" 189
"C:/Users/gamen/Desktop/Learning UE4/AdvancedSession/Content/Mannequin/Animations/AimDown_Ironside.uasset" 190
"C:/Users/gamen/Desktop/Learning UE4/AdvancedSession/Content/Mannequin/Animations/AimDown_Ironside.uexp" 191
"C:/Users/gamen/Desktop/Learning UE4/AdvancedSession/Content/Mannequin/Animations/Base/ThirdPersonJump_End.uasset" 192
"C:/Users/gamen/Desktop/Learning UE4/AdvancedSession/Content/Mannequin/Animations/Base/ThirdPersonJump_End.uexp" 193
"C:/Users/gamen/Desktop/Learning UE4/AdvancedSession/Content/Mannequin/Animations/AnimStarterPack/Aim_Space_Hip.uasset" 194
"C:/Users/gamen/Desktop/Learning UE4/AdvancedSession/Content/Mannequin/Animations/AnimStarterPack/Aim_Space_Hip.uexp" 195
"C:/Users/gamen/Desktop/Learning UE4/AdvancedSession/Content/Mannequin/Animations/AnimStarterPack/Aim_Space_Ironsights.uasset" 196
"C:/Users/gamen/Desktop/Learning UE4/AdvancedSession/Content/Mannequin/Animations/AnimStarterPack/Aim_Space_Ironsights.uexp" 197
"C:/Users/gamen/Desktop/Learning UE4/AdvancedSession/Content/Mannequin/Animations/AnimStarterPack/Crouch_Walk_Bwd_Rifle_Hip.uasset" 198
"C:/Users/gamen/Desktop/Learning UE4/AdvancedSession/Content/Mannequin/Animations/AnimStarterPack/Crouch_Walk_Bwd_Rifle_Hip.uexp" 199
"C:/Users/gamen/Desktop/Learning UE4/AdvancedSession/Content/Mannequin/Animations/AnimStarterPack/Crouch_Walk_Fwd_Rifle_Hip.uasset" 200
"C:/Users/gamen/Desktop/Learning UE4/AdvancedSession/Content/Mannequin/Animations/AnimStarterPack/Crouch_Walk_Fwd_Rifle_Hip.uexp" 201
"C:/Users/gamen/Desktop/Learning UE4/AdvancedSession/Content/Mannequin/Animations/AnimStarterPack/Crouch_Walk_Lt_Rifle_Hip.uasset" 202
"C:/Users/gamen/Desktop/Learning UE4/AdvancedSession/Content/Mannequin/Animations/AnimStarterPack/Crouch_Walk_Lt_Rifle_Hip.uexp" 203
"C:/Users/gamen/Desktop/Learning UE4/AdvancedSession/Content/Mannequin/Animations/AnimStarterPack/Crouch_Walk_Rt_Rifle_Hip.uasset" 204
"C:/Users/gamen/Desktop/Learning UE4/AdvancedSession/Content/Mannequin/Animations/AnimStarterPack/Crouch_Walk_Rt_Rifle_Hip.uexp" 205
"C:/Users/gamen/Desktop/Learning UE4/AdvancedSession/Content/Mannequin/Animations/AnimStarterPack/BS_CrouchWalk.uasset" 206
"C:/Users/gamen/Desktop/Learning UE4/AdvancedSession/Content/Mannequin/Animations/AnimStarterPack/BS_CrouchWalk.uexp" 207
"C:/Users/gamen/Desktop/Learning UE4/AdvancedSession/Content/Mannequin/Animations/AnimStarterPack/Crouch_Idle_Rifle_Hip.uasset" 208
"C:/Users/gamen/Desktop/Learning UE4/AdvancedSession/Content/Mannequin/Animations/AnimStarterPack/Crouch_Idle_Rifle_Hip.uexp" 209
"C:/Users/gamen/Desktop/Learning UE4/AdvancedSession/Content/Mannequin/Animations/AnimStarterPack/Crouch_Idle_Rifle_Ironsights.uasset" 210
"C:/Users/gamen/Desktop/Learning UE4/AdvancedSession/Content/Mannequin/Animations/AnimStarterPack/Crouch_Idle_Rifle_Ironsights.uexp" 211
"C:/Users/gamen/Desktop/Learning UE4/AdvancedSession/Content/Mannequin/Animations/AnimStarterPack/Crouch_to_Stand_Rifle_Hip.uasset" 212
"C:/Users/gamen/Desktop/Learning UE4/AdvancedSession/Content/Mannequin/Animations/AnimStarterPack/Crouch_to_Stand_Rifle_Hip.uexp" 213
"C:/Users/gamen/Desktop/Learning UE4/AdvancedSession/Content/Mannequin/Animations/AnimStarterPack/Crouch_to_Stand_Rifle_Ironsights.uasset" 214
"C:/Users/gamen/Desktop/Learning UE4/AdvancedSession/Content/Mannequin/Animations/AnimStarterPack/Crouch_to_Stand_Rifle_Ironsights.uexp" 215
"C:/Users/gamen/Desktop/Learning UE4/AdvancedSession/Content/Mannequin/Animations/AnimStarterPack/Crouch_Walk_Bwd_Rifle_Ironsights.uasset" 216
"C:/Users/gamen/Desktop/Learning UE4/AdvancedSession/Content/Mannequin/Animations/AnimStarterPack/Crouch_Walk_Bwd_Rifle_Ironsights.uexp" 217
"C:/Users/gamen/Desktop/Learning UE4/AdvancedSession/Content/Mannequin/Animations/AnimStarterPack/Crouch_Walk_Fwd_Rifle_Ironsights.uasset" 218
"C:/Users/gamen/Desktop/Learning UE4/AdvancedSession/Content/Mannequin/Animations/AnimStarterPack/Crouch_Walk_Fwd_Rifle_Ironsights.uexp" 219
"C:/Users/gamen/Desktop/Learning UE4/AdvancedSession/Content/Mannequin/Animations/AnimStarterPack/Crouch_Walk_Lt_Rifle_Ironsights.uasset" 220
"C:/Users/gamen/Desktop/Learning UE4/AdvancedSession/Content/Mannequin/Animations/AnimStarterPack/Crouch_Walk_Lt_Rifle_Ironsights.uexp" 221
"C:/Users/gamen/Desktop/Learning UE4/AdvancedSession/Content/Mannequin/Animations/AnimStarterPack/Crouch_Walk_Rt_Rifle_Ironsights.uasset" 222
"C:/Users/gamen/Desktop/Learning UE4/AdvancedSession/Content/Mannequin/Animations/AnimStarterPack/Crouch_Walk_Rt_Rifle_Ironsights.uexp" 223
"C:/Users/gamen/Desktop/Learning UE4/AdvancedSession/Content/Mannequin/Animations/AnimStarterPack/Death_1.uasset" 224
"C:/Users/gamen/Desktop/Learning UE4/AdvancedSession/Content/Mannequin/Animations/AnimStarterPack/Death_1.uexp" 225
"C:/Users/gamen/Desktop/Learning UE4/AdvancedSession/Content/Mannequin/Animations/AnimStarterPack/Death_2.uasset" 226
"C:/Users/gamen/Desktop/Learning UE4/AdvancedSession/Content/Mannequin/Animations/AnimStarterPack/Death_2.uexp" 227
"C:/Users/gamen/Desktop/Learning UE4/AdvancedSession/Content/Mannequin/Animations/AnimStarterPack/Death_3.uasset" 228
"C:/Users/gamen/Desktop/Learning UE4/AdvancedSession/Content/Mannequin/Animations/AnimStarterPack/Death_3.uexp" 229
"C:/Users/gamen/Desktop/Learning UE4/AdvancedSession/Content/Mannequin/Animations/AnimStarterPack/Death_Ironsights_1.uasset" 230
"C:/Users/gamen/Desktop/Learning UE4/AdvancedSession/Content/Mannequin/Animations/AnimStarterPack/Death_Ironsights_1.uexp" 231
"C:/Users/gamen/Desktop/Learning UE4/AdvancedSession/Content/Mannequin/Animations/AnimStarterPack/Death_Ironsights_2.uasset" 232
"C:/Users/gamen/Desktop/Learning UE4/AdvancedSession/Content/Mannequin/Animations/AnimStarterPack/Death_Ironsights_2.uexp" 233
"C:/Users/gamen/Desktop/Learning UE4/AdvancedSession/Content/Mannequin/Animations/AnimStarterPack/Equip_Pistol_Standing.uasset" 234
"C:/Users/gamen/Desktop/Learning UE4/AdvancedSession/Content/Mannequin/Animations/AnimStarterPack/Equip_Pistol_Standing.uexp" 235
"C:/Users/gamen/Desktop/Learning UE4/AdvancedSession/Content/Mannequin/Animations/AnimStarterPack/Fire_Rifle_Hip.uasset" 236
"C:/Users/gamen/Desktop/Learning UE4/AdvancedSession/Content/Mannequin/Animations/AnimStarterPack/Fire_Rifle_Hip.uexp" 237
"C:/Users/gamen/Desktop/Learning UE4/AdvancedSession/Content/Mannequin/Animations/AnimStarterPack/Fire_Rifle_Ironsights.uasset" 238
"C:/Users/gamen/Desktop/Learning UE4/AdvancedSession/Content/Mannequin/Animations/AnimStarterPack/Fire_Rifle_Ironsights.uexp" 239
"C:/Users/gamen/Desktop/Learning UE4/AdvancedSession/Content/Mannequin/Animations/AnimStarterPack/Fire_Shotgun_Hip.uasset" 240
"C:/Users/gamen/Desktop/Learning UE4/AdvancedSession/Content/Mannequin/Animations/AnimStarterPack/Fire_Shotgun_Hip.uexp" 241
"C:/Users/gamen/Desktop/Learning UE4/AdvancedSession/Content/Mannequin/Animations/AnimStarterPack/Fire_Shotgun_Ironsights.uasset" 242
"C:/Users/gamen/Desktop/Learning UE4/AdvancedSession/Content/Mannequin/Animations/AnimStarterPack/Fire_Shotgun_Ironsights.uexp" 243
"C:/Users/gamen/Desktop/Learning UE4/AdvancedSession/Content/Mannequin/Animations/AnimStarterPack/Hit_React_1.uasset" 244
"C:/Users/gamen/Desktop/Learning UE4/AdvancedSession/Content/Mannequin/Animations/AnimStarterPack/Hit_React_1.uexp" 245
"C:/Users/gamen/Desktop/Learning UE4/AdvancedSession/Content/Mannequin/Animations/AnimStarterPack/Hit_React_2.uasset" 246
"C:/Users/gamen/Desktop/Learning UE4/AdvancedSession/Content/Mannequin/Animations/AnimStarterPack/Hit_React_2.uexp" 247
"C:/Users/gamen/Desktop/Learning UE4/AdvancedSession/Content/Mannequin/Animations/AnimStarterPack/Hit_React_3.uasset" 248
"C:/Users/gamen/Desktop/Learning UE4/AdvancedSession/Content/Mannequin/Animations/AnimStarterPack/Hit_React_3.uexp" 249
"C:/Users/gamen/Desktop/Learning UE4/AdvancedSession/Content/Mannequin/Animations/AnimStarterPack/Hit_React_4.uasset" 250
"C:/Users/gamen/Desktop/Learning UE4/AdvancedSession/Content/Mannequin/Animations/AnimStarterPack/Hit_React_4.uexp" 251
"C:/Users/gamen/Desktop/Learning UE4/AdvancedSession/Content/Mannequin/Animations/AnimStarterPack/Idle_Pistol.uasset" 252
"C:/Users/gamen/Desktop/Learning UE4/AdvancedSession/Content/Mannequin/Animations/AnimStarterPack/Idle_Pistol.uexp" 253
"C:/Users/gamen/Desktop/Learning UE4/AdvancedSession/Content/Mannequin/Animations/AnimStarterPack/Idle_Rifle_Hip_Break1.uasset" 254
"C:/Users/gamen/Desktop/Learning UE4/AdvancedSession/Content/Mannequin/Animations/AnimStarterPack/Idle_Rifle_Hip_Break1.uexp" 255
"C:/Users/gamen/Desktop/Learning UE4/AdvancedSession/Content/Mannequin/Animations/AnimStarterPack/Idle_Rifle_Hip_Break2.uasset" 256
"C:/Users/gamen/Desktop/Learning UE4/AdvancedSession/Content/Mannequin/Animations/AnimStarterPack/Idle_Rifle_Hip_Break2.uexp" 257
"C:/Users/gamen/Desktop/Learning UE4/AdvancedSession/Content/Mannequin/Animations/AnimStarterPack/Jump_From_Jog.uasset" 258
"C:/Users/gamen/Desktop/Learning UE4/AdvancedSession/Content/Mannequin/Animations/AnimStarterPack/Jump_From_Jog.uexp" 259
"C:/Users/gamen/Desktop/Learning UE4/AdvancedSession/Content/Mannequin/Animations/AnimStarterPack/Jump_From_Stand.uasset" 260
"C:/Users/gamen/Desktop/Learning UE4/AdvancedSession/Content/Mannequin/Animations/AnimStarterPack/Jump_From_Stand.uexp" 261
"C:/Users/gamen/Desktop/Learning UE4/AdvancedSession/Content/Mannequin/Animations/AnimStarterPack/Jump_From_Stand_Ironsights.uasset" 262
"C:/Users/gamen/Desktop/Learning UE4/AdvancedSession/Content/Mannequin/Animations/AnimStarterPack/Jump_From_Stand_Ironsights.uexp" 263
"C:/Users/gamen/Desktop/Learning UE4/AdvancedSession/Content/Mannequin/Animations/AnimStarterPack/Prone_Death_1.uasset" 264
"C:/Users/gamen/Desktop/Learning UE4/AdvancedSession/Content/Mannequin/Animations/AnimStarterPack/Prone_Death_1.uexp" 265
"C:/Users/gamen/Desktop/Learning UE4/AdvancedSession/Content/Mannequin/Animations/AnimStarterPack/Prone_Death_2.uasset" 266
"C:/Users/gamen/Desktop/Learning UE4/AdvancedSession/Content/Mannequin/Animations/AnimStarterPack/Prone_Death_2.uexp" 267
"C:/Users/gamen/Desktop/Learning UE4/AdvancedSession/Content/Mannequin/Animations/AnimStarterPack/Prone_Fire_1.uasset" 268
"C:/Users/gamen/Desktop/Learning UE4/AdvancedSession/Content/Mannequin/Animations/AnimStarterPack/Prone_Fire_1.uexp" 269
"C:/Users/gamen/Desktop/Learning UE4/AdvancedSession/Content/Mannequin/Animations/AnimStarterPack/Prone_Fire_2.uasset" 270
"C:/Users/gamen/Desktop/Learning UE4/AdvancedSession/Content/Mannequin/Animations/AnimStarterPack/Prone_Fire_2.uexp" 271
"C:/Users/gamen/Desktop/Learning UE4/AdvancedSession/Content/Mannequin/Animations/AnimStarterPack/Prone_Idle.uasset" 272
"C:/Users/gamen/Desktop/Learning UE4/AdvancedSession/Content/Mannequin/Animations/AnimStarterPack/Prone_Idle.uexp" 273
"C:/Users/gamen/Desktop/Learning UE4/AdvancedSession/Content/Mannequin/Animations/AnimStarterPack/Prone_Reload_Rifle.uasset" 274
"C:/Users/gamen/Desktop/Learning UE4/AdvancedSession/Content/Mannequin/Animations/AnimStarterPack/Prone_Reload_Rifle.uexp" 275
"C:/Users/gamen/Desktop/Learning UE4/AdvancedSession/Content/Mannequin/Animations/AnimStarterPack/Prone_Reload_Shotgun.uasset" 276
"C:/Users/gamen/Desktop/Learning UE4/AdvancedSession/Content/Mannequin/Animations/AnimStarterPack/Prone_Reload_Shotgun.uexp" 277
"C:/Users/gamen/Desktop/Learning UE4/AdvancedSession/Content/Mannequin/Animations/AnimStarterPack/Prone_To_Stand.uasset" 278
"C:/Users/gamen/Desktop/Learning UE4/AdvancedSession/Content/Mannequin/Animations/AnimStarterPack/Prone_To_Stand.uexp" 279
"C:/Users/gamen/Desktop/Learning UE4/AdvancedSession/Content/Mannequin/Animations/AnimStarterPack/Reload_Pistol.uasset" 280
"C:/Users/gamen/Desktop/Learning UE4/AdvancedSession/Content/Mannequin/Animations/AnimStarterPack/Reload_Pistol.uexp" 281
"C:/Users/gamen/Desktop/Learning UE4/AdvancedSession/Content/Mannequin/Animations/AnimStarterPack/Reload_Rifle_Hip.uasset" 282
"C:/Users/gamen/Desktop/Learning UE4/AdvancedSession/Content/Mannequin/Animations/AnimStarterPack/Reload_Rifle_Hip.uexp" 283
"C:/Users/gamen/Desktop/Learning UE4/AdvancedSession/Content/Mannequin/Animations/AnimStarterPack/Reload_Rifle_Ironsights.uasset" 284
"C:/Users/gamen/Desktop/Learning UE4/AdvancedSession/Content/Mannequin/Animations/AnimStarterPack/Reload_Rifle_Ironsights.uexp" 285
"C:/Users/gamen/Desktop/Learning UE4/AdvancedSession/Content/Mannequin/Animations/AnimStarterPack/Reload_Shotgun_Hip.uasset" 286
"C:/Users/gamen/Desktop/Learning UE4/AdvancedSession/Content/Mannequin/Animations/AnimStarterPack/Reload_Shotgun_Hip.uexp" 287
"C:/Users/gamen/Desktop/Learning UE4/AdvancedSession/Content/Mannequin/Animations/AnimStarterPack/Reload_Shotgun_Ironsights.uasset" 288
"C:/Users/gamen/Desktop/Learning UE4/AdvancedSession/Content/Mannequin/Animations/AnimStarterPack/Reload_Shotgun_Ironsights.uexp" 289
"C:/Users/gamen/Desktop/Learning UE4/AdvancedSession/Content/Mannequin/Animations/AnimStarterPack/Sprint_Fwd_Rifle.uasset" 290
"C:/Users/gamen/Desktop/Learning UE4/AdvancedSession/Content/Mannequin/Animations/AnimStarterPack/Sprint_Fwd_Rifle.uexp" 291
"C:/Users/gamen/Desktop/Learning UE4/AdvancedSession/Content/Mannequin/Animations/AnimStarterPack/Stand_to_Crouch_Rifle_Hip.uasset" 292
"C:/Users/gamen/Desktop/Learning UE4/AdvancedSession/Content/Mannequin/Animations/AnimStarterPack/Stand_to_Crouch_Rifle_Hip.uexp" 293
"C:/Users/gamen/Desktop/Learning UE4/AdvancedSession/Content/Mannequin/Animations/AnimStarterPack/Stand_to_Crouch_Rifle_Ironsights.uasset" 294
"C:/Users/gamen/Desktop/Learning UE4/AdvancedSession/Content/Mannequin/Animations/AnimStarterPack/Stand_to_Crouch_Rifle_Ironsights.uexp" 295
"C:/Users/gamen/Desktop/Learning UE4/AdvancedSession/Content/Mannequin/Animations/AnimStarterPack/Stand_To_Prone.uasset" 296
"C:/Users/gamen/Desktop/Learning UE4/AdvancedSession/Content/Mannequin/Animations/AnimStarterPack/Stand_To_Prone.uexp" 297
"../../../Engine/Content/EngineMaterials/WorldGridMaterial.uasset" 298
"../../../Engine/Content/EngineMaterials/WorldGridMaterial.uexp" 299
"../../../Engine/Content/ArtTools/RenderToTexture/Meshes/S_1_Unit_Plane.uasset" 300
"../../../Engine/Content/ArtTools/RenderToTexture/Meshes/S_1_Unit_Plane.uexp" 301
"../../../Engine/Content/BasicShapes/Cone.uasset" 302
"../../../Engine/Content/BasicShapes/Cone.uexp" 303
"../../../Engine/Content/BasicShapes/Cube.uasset" 304
"../../../Engine/Content/BasicShapes/Cube.uexp" 305
"../../../Engine/Content/BasicShapes/Plane.uasset" 306
"../../../Engine/Content/BasicShapes/Plane.uexp" 307
"../../../Engine/Content/EditorLandscapeResources/DataLayer.uasset" 308
"../../../Engine/Content/EditorLandscapeResources/DataLayer.uexp" 309
"../../../Engine/Content/EditorLandscapeResources/DefaultAlphaTexture.uasset" 310
"../../../Engine/Content/EditorLandscapeResources/DefaultAlphaTexture.uexp" 311
"../../../Engine/Content/EditorMaterials/MAT_Groups_Toggle.uasset" 312
"../../../Engine/Content/EditorMaterials/MAT_Groups_Toggle.uexp" 313
"../../../Engine/Content/EditorMaterials/MAT_Groups_Visibility.uasset" 314
"../../../Engine/Content/EditorMaterials/MAT_Groups_Visibility.uexp" 315
"../../../Engine/Content/EditorMaterials/PreviewShadowIndicator.uasset" 316
"../../../Engine/Content/EditorMaterials/PreviewShadowIndicator.uexp" 317
"../../../Engine/Content/EditorMaterials/PreviewShadowIndicator.ubulk" 318
"../../../Engine/Content/EditorMaterials/PreviewShadowIndicatorMaterial.uasset" 319
"../../../Engine/Content/EditorMaterials/PreviewShadowIndicatorMaterial.uexp" 320
"../../../Engine/Content/EditorMaterials/MatineeGroups/MAT_ColorTrack.uasset" 321
"../../../Engine/Content/EditorMaterials/MatineeGroups/MAT_ColorTrack.uexp" 322
"../../../Engine/Content/EditorMaterials/MatineeGroups/MAT_Groups_Anim.uasset" 323
"../../../Engine/Content/EditorMaterials/MatineeGroups/MAT_Groups_Anim.uexp" 324
"../../../Engine/Content/EditorMaterials/MatineeGroups/MAT_Groups_AudioMaster.uasset" 325
"../../../Engine/Content/EditorMaterials/MatineeGroups/MAT_Groups_AudioMaster.uexp" 326
"../../../Engine/Content/EditorMaterials/MatineeGroups/MAT_Groups_Director.uasset" 327
"../../../Engine/Content/EditorMaterials/MatineeGroups/MAT_Groups_Director.uexp" 328
"../../../Engine/Content/EditorMaterials/MatineeGroups/MAT_Groups_Event.uasset" 329
"../../../Engine/Content/EditorMaterials/MatineeGroups/MAT_Groups_Event.uexp" 330
"../../../Engine/Content/EditorMaterials/MatineeGroups/MAT_Groups_Fade.uasset" 331
"../../../Engine/Content/EditorMaterials/MatineeGroups/MAT_Groups_Fade.uexp" 332
"../../../Engine/Content/EditorMaterials/MatineeGroups/MAT_Groups_Float.uasset" 333
"../../../Engine/Content/EditorMaterials/MatineeGroups/MAT_Groups_Float.uexp" 334
"../../../Engine/Content/EditorMaterials/MatineeGroups/MAT_Groups_Move.uasset" 335
"../../../Engine/Content/EditorMaterials/MatineeGroups/MAT_Groups_Move.uexp" 336
"../../../Engine/Content/EditorMaterials/MatineeGroups/MAT_Groups_Slomo.uasset" 337
"../../../Engine/Content/EditorMaterials/MatineeGroups/MAT_Groups_Slomo.uexp" 338
"../../../Engine/Content/EditorMaterials/MatineeGroups/MAT_Groups_Sound.uasset" 339
"../../../Engine/Content/EditorMaterials/MatineeGroups/MAT_Groups_Sound.uexp" 340
"../../../Engine/Content/EditorMaterials/MatineeGroups/MAT_Groups_Vector.uasset" 341
"../../../Engine/Content/EditorMaterials/MatineeGroups/MAT_Groups_Vector.uexp" 342
"../../../Engine/Content/EditorMaterials/ParticleSystems/PSysThumbnail_NoImage.uasset" 343
"../../../Engine/Content/EditorMaterials/ParticleSystems/PSysThumbnail_NoImage.uexp" 344
"../../../Engine/Content/EditorMaterials/ParticleSystems/PSysThumbnail_NoImage.ubulk" 345
"../../../Engine/Content/EditorMaterials/ParticleSystems/PSysThumbnail_OOD.uasset" 346
"../../../Engine/Content/EditorMaterials/ParticleSystems/PSysThumbnail_OOD.uexp" 347
"../../../Engine/Content/EditorMaterials/ParticleSystems/PSysThumbnail_OOD.ubulk" 348
"../../../Engine/Content/EditorMaterials/Camera/CineMat.uasset" 349
"../../../Engine/Content/EditorMaterials/Camera/CineMat.uexp" 350
"../../../Engine/Content/EditorMaterials/Camera/MI_CineMat_Rig.uasset" 351
"../../../Engine/Content/EditorMaterials/Camera/MI_CineMat_Rig.uexp" 352
"../../../Engine/Content/EditorMeshes/Camera/SM_CraneRig_Arm.uasset" 353
"../../../Engine/Content/EditorMeshes/Camera/SM_CraneRig_Arm.uexp" 354
"../../../Engine/Content/EditorMeshes/Camera/SM_CraneRig_Base.uasset" 355
"../../../Engine/Content/EditorMeshes/Camera/SM_CraneRig_Base.uexp" 356
"../../../Engine/Content/EditorMeshes/Camera/SM_CraneRig_Body.uasset" 357
"../../../Engine/Content/EditorMeshes/Camera/SM_CraneRig_Body.uexp" 358
"../../../Engine/Content/EditorMeshes/Camera/SM_CraneRig_Mount.uasset" 359
"../../../Engine/Content/EditorMeshes/Camera/SM_CraneRig_Mount.uexp" 360
"../../../Engine/Content/EditorMeshes/Camera/SM_RailRig_Mount.uasset" 361
"../../../Engine/Content/EditorMeshes/Camera/SM_RailRig_Mount.uexp" 362
"../../../Engine/Content/EditorMeshes/Camera/SM_RailRig_Track.uasset" 363
"../../../Engine/Content/EditorMeshes/Camera/SM_RailRig_Track.uexp" 364
"../../../Engine/Content/EditorResources/BSPVertex.uasset" 365
"../../../Engine/Content/EditorResources/BSPVertex.uexp" 366
"../../../Engine/Content/EditorResources/EmptyActor.uasset" 367
"../../../Engine/Content/EditorResources/EmptyActor.uexp" 368
"../../../Engine/Content/EditorResources/S_Actor.uasset" 369
"../../../Engine/Content/EditorResources/S_Actor.uexp" 370
"../../../Engine/Content/EditorResources/S_Actor.ubulk" 371
"../../../Engine/Content/EditorResources/S_Note.uasset" 372
"../../../Engine/Content/EditorResources/S_Note.uexp" 373
"../../../Engine/Content/EditorResources/S_Note.ubulk" 374
"../../../Engine/Content/EditorResources/S_Solver.uasset" 375
"../../../Engine/Content/EditorResources/S_Solver.uexp" 376
"../../../Engine/Content/EditorResources/S_Solver.ubulk" 377
"../../../Engine/Content/EditorResources/S_Terrain.uasset" 378
"../../../Engine/Content/EditorResources/S_Terrain.uexp" 379
"../../../Engine/Content/EditorResources/S_Terrain.ubulk" 380
"../../../Engine/Content/EditorResources/S_Trigger.uasset" 381
"../../../Engine/Content/EditorResources/S_Trigger.uexp" 382
"../../../Engine/Content/EditorResources/S_Trigger.ubulk" 383
"../../../Engine/Content/EditorResources/LightIcons/S_LightError.uasset" 384
"../../../Engine/Content/EditorResources/LightIcons/S_LightError.uexp" 385
"../../../Engine/Content/EditorResources/SequenceRecorder/Countdown.uasset" 386
"../../../Engine/Content/EditorResources/SequenceRecorder/Countdown.uexp" 387
"../../../Engine/Content/EditorResources/SequenceRecorder/RecordingIndicator.uasset" 388
"../../../Engine/Content/EditorResources/SequenceRecorder/RecordingIndicator.uexp" 389
"../../../Engine/Content/EngineDamageTypes/DmgTypeBP_Environmental.uasset" 390
"../../../Engine/Content/EngineDamageTypes/DmgTypeBP_Environmental.uexp" 391
"../../../Engine/Content/EngineDebugMaterials/DebugEditorMaterial.uasset" 392
"../../../Engine/Content/EngineDebugMaterials/DebugEditorMaterial.uexp" 393
"../../../Engine/Content/EngineDebugMaterials/DebugMeshMaterial.uasset" 394
"../../../Engine/Content/EngineDebugMaterials/DebugMeshMaterial.uexp" 395
"../../../Engine/Content/EngineDebugMaterials/M_SimpleUnlitTranslucent.uasset" 396
"../../../Engine/Content/EngineDebugMaterials/M_SimpleUnlitTranslucent.uexp" 397
"../../../Engine/Content/EngineDebugMaterials/VolumeToRender.uasset" 398
"../../../Engine/Content/EngineDebugMaterials/VolumeToRender.uexp" 399
"../../../Engine/Content/Functions/Engine_MaterialFunctions02/Utility/CameraDirectionVector.uasset" 400
"../../../Engine/Content/Functions/Engine_MaterialFunctions02/Utility/CameraDirectionVector.uexp" 401
"../../../Engine/Content/EngineDebugMaterials/M_VolumeRenderSphereTracePP.uasset" 402
"../../../Engine/Content/EngineDebugMaterials/M_VolumeRenderSphereTracePP.uexp" 403
"../../../Engine/Content/Functions/Engine_MaterialFunctions01/Shading/ConvertFromDiffSpec.uasset" 404
"../../../Engine/Content/Functions/Engine_MaterialFunctions01/Shading/ConvertFromDiffSpec.uexp" 405
"../../../Engine/Content/EngineDebugMaterials/VertexColorMaterial.uasset" 406
"../../../Engine/Content/EngineDebugMaterials/VertexColorMaterial.uexp" 407
"../../../Engine/Content/EngineDebugMaterials/WireframeMaterial.uasset" 408
"../../../Engine/Content/EngineDebugMaterials/WireframeMaterial.uexp" 409
"../../../Engine/Content/EngineFonts/Faces/RobotoRegular.uasset" 410
"../../../Engine/Content/EngineFonts/Faces/RobotoRegular.uexp" 411
"../../../Engine/Content/EngineFonts/Faces/RobotoRegular.ufont" 412
"../../../Engine/Content/EngineFonts/Faces/RobotoLight.uasset" 413
"../../../Engine/Content/EngineFonts/Faces/RobotoLight.uexp" 414
"../../../Engine/Content/EngineFonts/Faces/RobotoLight.ufont" 415
"../../../Engine/Content/EngineFonts/Faces/RobotoItalic.uasset" 416
"../../../Engine/Content/EngineFonts/Faces/RobotoItalic.uexp" 417
"../../../Engine/Content/EngineFonts/Faces/RobotoItalic.ufont" 418
"../../../Engine/Content/EngineFonts/Faces/RobotoBoldItalic.uasset" 419
"../../../Engine/Content/EngineFonts/Faces/RobotoBoldItalic.uexp" 420
"../../../Engine/Content/EngineFonts/Faces/RobotoBoldItalic.ufont" 421
"../../../Engine/Content/EngineFonts/Faces/RobotoBold.uasset" 422
"../../../Engine/Content/EngineFonts/Faces/RobotoBold.uexp" 423
"../../../Engine/Content/EngineFonts/Faces/RobotoBold.ufont" 424
"../../../Engine/Content/EngineFonts/Faces/DroidSansFallback.uasset" 425
"../../../Engine/Content/EngineFonts/Faces/DroidSansFallback.uexp" 426
"../../../Engine/Content/EngineFonts/Faces/DroidSansFallback.ufont" 427
"../../../Engine/Content/EngineFonts/Roboto.uasset" 428
"../../../Engine/Content/EngineFonts/Roboto.uexp" 429
"../../../Engine/Content/EngineMaterials/BaseFlattenNormalMap.uasset" 430
"../../../Engine/Content/EngineMaterials/BaseFlattenNormalMap.uexp" 431
"../../../Engine/Content/EngineMaterials/BaseFlattenGrayscaleMap.uasset" 432
"../../../Engine/Content/EngineMaterials/BaseFlattenGrayscaleMap.uexp" 433
"../../../Engine/Content/EngineMaterials/BaseFlattenEmissiveMap.uasset" 434
"../../../Engine/Content/EngineMaterials/BaseFlattenEmissiveMap.uexp" 435
"../../../Engine/Content/EngineMaterials/BaseFlattenDiffuseMap.uasset" 436
"../../../Engine/Content/EngineMaterials/BaseFlattenDiffuseMap.uexp" 437
"../../../Engine/Content/EngineMaterials/BaseFlattenMaterial.uasset" 438
"../../../Engine/Content/EngineMaterials/BaseFlattenMaterial.uexp" 439
"../../../Engine/Content/EngineMaterials/BlueNoise.uasset" 440
"../../../Engine/Content/EngineMaterials/BlueNoise.uexp" 441
"../../../Engine/Content/EngineMaterials/DefaultBloomKernel.uasset" 442
"../../../Engine/Content/EngineMaterials/DefaultBloomKernel.uexp" 443
"../../../Engine/Content/EngineMaterials/DefaultBokeh.uasset" 444
"../../../Engine/Content/EngineMaterials/DefaultBokeh.uexp" 445
"../../../Engine/Content/EngineMaterials/DefaultDiffuse.uasset" 446
"../../../Engine/Content/EngineMaterials/DefaultDiffuse.uexp" 447
"../../../Engine/Content/EngineMaterials/DefaultDiffuse.ubulk" 448
"../../../Engine/Content/EngineMaterials/DefaultDeferredDecalMaterial.uasset" 449
"../../../Engine/Content/EngineMaterials/DefaultDeferredDecalMaterial.uexp" 450
"../../../Engine/Content/EngineMaterials/DefaultLightFunctionMaterial.uasset" 451
"../../../Engine/Content/EngineMaterials/DefaultLightFunctionMaterial.uexp" 452
"../../../Engine/Content/Functions/Engine_MaterialFunctions02/Utility/BreakOutFloat2Components.uasset" 453
"../../../Engine/Content/Functions/Engine_MaterialFunctions02/Utility/BreakOutFloat2Components.uexp" 454
"../../../Engine/Content/EngineMaterials/DefaultPostProcessMaterial.uasset" 455
"../../../Engine/Content/EngineMaterials/DefaultPostProcessMaterial.uexp" 456
"../../../Engine/Content/EngineFonts/RobotoDistanceField.uasset" 457
"../../../Engine/Content/EngineFonts/RobotoDistanceField.uexp" 458
"../../../Engine/Content/EngineMaterials/DefaultTextMaterialOpaque.uasset" 459
"../../../Engine/Content/EngineMaterials/DefaultTextMaterialOpaque.uexp" 460
"../../../Engine/Content/EngineMaterials/DefaultWhiteGrid.uasset" 461
"../../../Engine/Content/EngineMaterials/DefaultWhiteGrid.uexp" 462
"../../../Engine/Content/EngineMaterials/DefaultWhiteGrid.ubulk" 463
"../../../Engine/Content/EngineMaterials/DefaultWhiteGrid_Low.uasset" 464
"../../../Engine/Content/EngineMaterials/DefaultWhiteGrid_Low.uexp" 465
"../../../Engine/Content/EngineMaterials/EmissiveMeshMaterial.uasset" 466
"../../../Engine/Content/EngineMaterials/EmissiveMeshMaterial.uexp" 467
"../../../Engine/Content/EngineMaterials/GizmoMaterial.uasset" 468
"../../../Engine/Content/EngineMaterials/GizmoMaterial.uexp" 469
"../../../Engine/Content/EngineMaterials/Good64x64TilingNoiseHighFreq.uasset" 470
"../../../Engine/Content/EngineMaterials/Good64x64TilingNoiseHighFreq.uexp" 471
"../../../Engine/Content/EngineMaterials/MiniFont.uasset" 472
"../../../Engine/Content/EngineMaterials/MiniFont.uexp" 473
"../../../Engine/Content/EngineMaterials/InvalidLightmapSettings.uasset" 474
"../../../Engine/Content/EngineMaterials/InvalidLightmapSettings.uexp" 475
"../../../Engine/Content/EngineMaterials/InvalidLightmapSettings.ubulk" 476
"../../../Engine/Content/EngineMaterials/M_InvalidLightmapSettings.uasset" 477
"../../../Engine/Content/EngineMaterials/M_InvalidLightmapSettings.uexp" 478
"../../../Engine/Content/Functions/Engine_MaterialFunctions02/WorldPositionOffset/CameraOffset.uasset" 479
"../../../Engine/Content/Functions/Engine_MaterialFunctions02/WorldPositionOffset/CameraOffset.uexp" 480
"../../../Engine/Content/EngineMaterials/PhAT_JointLimitMaterial.uasset" 481
"../../../Engine/Content/EngineMaterials/PhAT_JointLimitMaterial.uexp" 482
"../../../Engine/Content/EngineMaterials/DefaultCalibrationColor.uasset" 483
"../../../Engine/Content/EngineMaterials/DefaultCalibrationColor.uexp" 484
"../../../Engine/Content/EngineMaterials/PPM_DefaultCalibrationColor.uasset" 485
"../../../Engine/Content/EngineMaterials/PPM_DefaultCalibrationColor.uexp" 486
"../../../Engine/Content/EngineMaterials/DefaultCalibrationGrayscale.uasset" 487
"../../../Engine/Content/EngineMaterials/DefaultCalibrationGrayscale.uexp" 488
"../../../Engine/Content/EngineMaterials/PPM_DefaultCalibrationGrayscale.uasset" 489
"../../../Engine/Content/EngineMaterials/PPM_DefaultCalibrationGrayscale.uexp" 490
"../../../Engine/Content/EngineMaterials/PreintegratedSkinBRDF.uasset" 491
"../../../Engine/Content/EngineMaterials/PreintegratedSkinBRDF.uexp" 492
"../../../Engine/Content/EngineMaterials/RemoveSurfaceMaterial.uasset" 493
"../../../Engine/Content/EngineMaterials/RemoveSurfaceMaterial.uexp" 494
"../../../Engine/Content/EngineMaterials/WeightMapPlaceholderTexture.uasset" 495
"../../../Engine/Content/EngineMaterials/WeightMapPlaceholderTexture.uexp" 496
"../../../Engine/Content/EngineResources/WhiteSquareTexture.uasset" 497
"../../../Engine/Content/EngineResources/WhiteSquareTexture.uexp" 498
"../../../Engine/Content/EngineMaterials/Widget3DPassThrough.uasset" 499
"../../../Engine/Content/EngineMaterials/Widget3DPassThrough.uexp" 500
"../../../Engine/Content/EngineMaterials/Widget3DPassThrough_Masked.uasset" 501
"../../../Engine/Content/EngineMaterials/Widget3DPassThrough_Masked.uexp" 502
"../../../Engine/Content/EngineMaterials/Widget3DPassThrough_Opaque.uasset" 503
"../../../Engine/Content/EngineMaterials/Widget3DPassThrough_Opaque.uexp" 504
"../../../Engine/Content/EngineMaterials/Widget3DPassThrough_Masked_OneSided.uasset" 505
"../../../Engine/Content/EngineMaterials/Widget3DPassThrough_Masked_OneSided.uexp" 506
"../../../Engine/Content/EngineMaterials/Widget3DPassThrough_Opaque_OneSided.uasset" 507
"../../../Engine/Content/EngineMaterials/Widget3DPassThrough_Opaque_OneSided.uexp" 508
"../../../Engine/Content/EngineMaterials/Widget3DPassThrough_Translucent.uasset" 509
"../../../Engine/Content/EngineMaterials/Widget3DPassThrough_Translucent.uexp" 510
"../../../Engine/Content/EngineMaterials/Widget3DPassThrough_Translucent_OneSided.uasset" 511
"../../../Engine/Content/EngineMaterials/Widget3DPassThrough_Translucent_OneSided.uexp" 512
"../../../Engine/Content/EngineMeshes/Cylinder.uasset" 513
"../../../Engine/Content/EngineMeshes/Cylinder.uexp" 514
"../../../Engine/Content/EngineMeshes/Sphere.uasset" 515
"../../../Engine/Content/EngineMeshes/Sphere.uexp" 516
"../../../Engine/Content/EngineResources/DefaultTexture.uasset" 517
"../../../Engine/Content/EngineResources/DefaultTexture.uexp" 518
"../../../Engine/Content/EngineResources/DefaultTexture.ubulk" 519
"../../../Engine/Content/EngineResources/DefaultTextureCube.uasset" 520
"../../../Engine/Content/EngineResources/DefaultTextureCube.uexp" 521
"../../../Engine/Content/EngineResources/DefaultVolumeTexture2D.uasset" 522
"../../../Engine/Content/EngineResources/DefaultVolumeTexture2D.uexp" 523
"../../../Engine/Content/EngineResources/DefaultVolumeTexture.uasset" 524
"../../../Engine/Content/EngineResources/DefaultVolumeTexture.uexp" 525
"../../../Engine/Content/EngineResources/GradientTexture0.uasset" 526
"../../../Engine/Content/EngineResources/GradientTexture0.uexp" 527
"../../../Engine/Content/EngineSky/VolumetricClouds/T_NoiseShape64.uasset" 528
"../../../Engine/Content/EngineSky/VolumetricClouds/T_NoiseShape64.uexp" 529
"../../../Engine/Content/EngineSky/VolumetricClouds/T_NoiseShape64.ubulk" 530
"../../../Engine/Content/EngineSky/VolumetricClouds/T_VolumeNoiseShape64.uasset" 531
"../../../Engine/Content/EngineSky/VolumetricClouds/T_VolumeNoiseShape64.uexp" 532
"../../../Engine/Content/EngineSky/VolumetricClouds/T_NoiseErosion.uasset" 533
"../../../Engine/Content/EngineSky/VolumetricClouds/T_NoiseErosion.uexp" 534
"../../../Engine/Content/EngineSky/VolumetricClouds/T_NoiseErosion.ubulk" 535
"../../../Engine/Content/EngineSky/VolumetricClouds/T_VolumeNoiseErosion32.uasset" 536
"../../../Engine/Content/EngineSky/VolumetricClouds/T_VolumeNoiseErosion32.uexp" 537
"../../../Engine/Content/EngineSky/VolumetricClouds/CloudWeatherTexture.uasset" 538
"../../../Engine/Content/EngineSky/VolumetricClouds/CloudWeatherTexture.uexp" 539
"../../../Engine/Content/EngineSky/VolumetricClouds/CloudGradientTexture.uasset" 540
"../../../Engine/Content/EngineSky/VolumetricClouds/CloudGradientTexture.uexp" 541
"../../../Engine/Content/Functions/Engine_MaterialFunctions02/Utility/MakeFloat2.uasset" 542
"../../../Engine/Content/Functions/Engine_MaterialFunctions02/Utility/MakeFloat2.uexp" 543
"../../../Engine/Content/EngineSky/VolumetricClouds/m_SimpleVolumetricCloud.uasset" 544
"../../../Engine/Content/EngineSky/VolumetricClouds/m_SimpleVolumetricCloud.uexp" 545
"../../../Engine/Content/EngineSky/VolumetricClouds/m_SimpleVolumetricCloud_Inst.uasset" 546
"../../../Engine/Content/EngineSky/VolumetricClouds/m_SimpleVolumetricCloud_Inst.uexp" 547
"../../../Engine/Content/EngineSounds/Master.uasset" 548
"../../../Engine/Content/EngineSounds/Master.uexp" 549
"../../../Engine/Content/Functions/Engine_MaterialFunctions01/Shading/PowerToRoughness.uasset" 550
"../../../Engine/Content/Functions/Engine_MaterialFunctions01/Shading/PowerToRoughness.uexp" 551
"../../../Engine/Content/Maps/Templates/Thumbnails/Default.uasset" 552
"../../../Engine/Content/Maps/Templates/Thumbnails/Default.uexp" 553
"../../../Engine/Content/Maps/Templates/Thumbnails/VR-Basic.uasset" 554
"../../../Engine/Content/Maps/Templates/Thumbnails/VR-Basic.uexp" 555
"../../../Engine/Content/MobileResources/T_MobileControls_texture.uasset" 556
"../../../Engine/Content/MobileResources/T_MobileControls_texture.uexp" 557
"../../../Engine/Content/MobileResources/T_MobileMenu2.uasset" 558
"../../../Engine/Content/MobileResources/T_MobileMenu2.uexp" 559
"../../../Engine/Content/MobileResources/HUD/AnalogHat.uasset" 560
"../../../Engine/Content/MobileResources/HUD/AnalogHat.uexp" 561
"../../../Engine/Content/MobileResources/HUD/VirtualJoystick_Thumb.uasset" 562
"../../../Engine/Content/MobileResources/HUD/VirtualJoystick_Thumb.uexp" 563
"../../../Engine/Content/MobileResources/HUD/VirtualJoystick_Background.uasset" 564
"../../../Engine/Content/MobileResources/HUD/VirtualJoystick_Background.uexp" 565
"../../../Engine/Content/MobileResources/HUD/DefaultVirtualJoysticks.uasset" 566
"../../../Engine/Content/MobileResources/HUD/DefaultVirtualJoysticks.uexp" 567
"../../../Engine/Content/MobileResources/HUD/LeftVirtualJoystickOnly.uasset" 568
"../../../Engine/Content/MobileResources/HUD/LeftVirtualJoystickOnly.uexp" 569
"../../../Engine/Content/MobileResources/HUD/MobileHUDButton1_off.uasset" 570
"../../../Engine/Content/MobileResources/HUD/MobileHUDButton1_off.uexp" 571
"../../../Engine/Content/MobileResources/HUD/MobileHUDButton1_on.uasset" 572
"../../../Engine/Content/MobileResources/HUD/MobileHUDButton1_on.uexp" 573
"../../../Engine/Content/MobileResources/HUD/MobileHUDButton2_off.uasset" 574
"../../../Engine/Content/MobileResources/HUD/MobileHUDButton2_off.uexp" 575
"../../../Engine/Content/MobileResources/HUD/MobileHUDButton2_on.uasset" 576
"../../../Engine/Content/MobileResources/HUD/MobileHUDButton2_on.uexp" 577
"../../../Engine/Content/MobileResources/HUD/MobileHUDButton3.uasset" 578
"../../../Engine/Content/MobileResources/HUD/MobileHUDButton3.uexp" 579
"../../../Engine/Content/MobileResources/HUD/MobileHUDButtonFire.uasset" 580
"../../../Engine/Content/MobileResources/HUD/MobileHUDButtonFire.uexp" 581
"../../../Engine/Content/MobileResources/HUD/MobileHUDDirectionPad.uasset" 582
"../../../Engine/Content/MobileResources/HUD/MobileHUDDirectionPad.uexp" 583
"../../../Engine/Content/MobileResources/HUD/MobileHUDDirectionPad2.uasset" 584
"../../../Engine/Content/MobileResources/HUD/MobileHUDDirectionPad2.uexp" 585
"../../../Engine/Content/MobileResources/HUD/MobileHUDDirectionPad3.uasset" 586
"../../../Engine/Content/MobileResources/HUD/MobileHUDDirectionPad3.uexp" 587
"../../../Engine/Content/MobileResources/HUD/MobileHUDDirectionStick.uasset" 588
"../../../Engine/Content/MobileResources/HUD/MobileHUDDirectionStick.uexp" 589
"../../../Engine/Content/MobileResources/HUD/T_Castle_ThumbstickInner.uasset" 590
"../../../Engine/Content/MobileResources/HUD/T_Castle_ThumbstickInner.uexp" 591
"../../../Engine/Content/MobileResources/HUD/T_Castle_ThumbstickOutter.uasset" 592
"../../../Engine/Content/MobileResources/HUD/T_Castle_ThumbstickOutter.uexp" 593
"../../../Engine/Content/Tutorial/ContentIntroCurve.uasset" 594
"../../../Engine/Content/Tutorial/ContentIntroCurve.uexp" 595
"../../../Engine/Content/Tutorial/BlueprintTutorials/TutorialAssets/Blueprint_64x.uasset" 596
"../../../Engine/Content/Tutorial/BlueprintTutorials/TutorialAssets/Blueprint_64x.uexp" 597
"../../../Engine/Content/VREditor/TransformGizmo/TranslucentTransformGizmoMaterial.uasset" 598
"../../../Engine/Content/VREditor/TransformGizmo/TranslucentTransformGizmoMaterial.uexp" 599
"../../../Engine/Content/VREditor/LaserPointer/VR_LaserPower_01.uasset" 600
"../../../Engine/Content/VREditor/LaserPointer/VR_LaserPower_01.uexp" 601
"../../../Engine/Content/VREditor/LaserPointer/VR_LaserPower_01.ubulk" 602
"../../../Engine/Content/VREditor/TransformGizmo/TransformGizmoMaterial.uasset" 603
"../../../Engine/Content/VREditor/TransformGizmo/TransformGizmoMaterial.uexp" 604
"../../../Engine/Content/VREditor/TransformGizmo/BoundingBoxCorner.uasset" 605
"../../../Engine/Content/VREditor/TransformGizmo/BoundingBoxCorner.uexp" 606
"../../../Engine/Content/VREditor/TransformGizmo/BoundingBoxEdge.uasset" 607
"../../../Engine/Content/VREditor/TransformGizmo/BoundingBoxEdge.uexp" 608
"../../../Engine/Content/VREditor/TransformGizmo/PlaneTranslationHandle.uasset" 609
"../../../Engine/Content/VREditor/TransformGizmo/PlaneTranslationHandle.uexp" 610
"../../../Engine/Content/VREditor/TransformGizmo/Xray.uasset" 611
"../../../Engine/Content/VREditor/TransformGizmo/Xray.uexp" 612
"../../../Engine/Content/VREditor/TransformGizmo/Main.uasset" 613
"../../../Engine/Content/VREditor/TransformGizmo/Main.uexp" 614
"../../../Engine/Content/VREditor/TransformGizmo/SM_Sequencer_Key.uasset" 615
"../../../Engine/Content/VREditor/TransformGizmo/SM_Sequencer_Key.uexp" 616
"../../../Engine/Content/VREditor/TransformGizmo/SM_Sequencer_Node.uasset" 617
"../../../Engine/Content/VREditor/TransformGizmo/SM_Sequencer_Node.uexp" 618
"../../../Engine/Plugins/2D/Paper2D/Content/PlaceholderTextures/DummySpriteTexture.uasset" 619
"../../../Engine/Plugins/2D/Paper2D/Content/PlaceholderTextures/DummySpriteTexture.uexp" 620
"../../../Engine/Plugins/2D/Paper2D/Content/PlaceholderTextures/DummySpriteTexture.ubulk" 621
"../../../Engine/Plugins/2D/Paper2D/Content/DummySprite.uasset" 622
"../../../Engine/Plugins/2D/Paper2D/Content/DummySprite.uexp" 623
"../../../Engine/Plugins/2D/Paper2D/Content/DefaultPaperTerrainMaterial.uasset" 624
"../../../Engine/Plugins/2D/Paper2D/Content/DefaultPaperTerrainMaterial.uexp" 625
"../../../Engine/Plugins/2D/Paper2D/Content/DefaultSpriteMaterial.uasset" 626
"../../../Engine/Plugins/2D/Paper2D/Content/DefaultSpriteMaterial.uexp" 627
"../../../Engine/Plugins/2D/Paper2D/Content/MaskedUnlitSpriteMaterial.uasset" 628
"../../../Engine/Plugins/2D/Paper2D/Content/MaskedUnlitSpriteMaterial.uexp" 629
"../../../Engine/Plugins/2D/Paper2D/Content/OpaqueUnlitSpriteMaterial.uasset" 630
"../../../Engine/Plugins/2D/Paper2D/Content/OpaqueUnlitSpriteMaterial.uexp" 631
"../../../Engine/Content/Functions/Engine_MaterialFunctions02/Utility/BreakOutFloat3Components.uasset" 632
"../../../Engine/Content/Functions/Engine_MaterialFunctions02/Utility/BreakOutFloat3Components.uexp" 633
"../../../Engine/Plugins/Editor/SpeedTreeImporter/Content/SpeedTree9/UnpackInteger3.uasset" 634
"../../../Engine/Plugins/Editor/SpeedTreeImporter/Content/SpeedTree9/UnpackInteger3.uexp" 635
"../../../Engine/Plugins/Editor/SpeedTreeImporter/Content/SpeedTree9/UnpackDirection.uasset" 636
"../../../Engine/Plugins/Editor/SpeedTreeImporter/Content/SpeedTree9/UnpackDirection.uexp" 637
"../../../Engine/Plugins/Editor/SpeedTreeImporter/Content/SpeedTree9/game_wind_noise.uasset" 638
"../../../Engine/Plugins/Editor/SpeedTreeImporter/Content/SpeedTree9/game_wind_noise.uexp" 639
"../../../Engine/Plugins/Editor/SpeedTreeImporter/Content/SpeedTree9/game_wind_noise.ubulk" 640
"../../../Engine/Content/Functions/Engine_MaterialFunctions02/SafeNormalize.uasset" 641
"../../../Engine/Content/Functions/Engine_MaterialFunctions02/SafeNormalize.uexp" 642
"../../../Engine/Plugins/Editor/SpeedTreeImporter/Content/SpeedTree9/SpeedTreeWindMotion.uasset" 643
"../../../Engine/Plugins/Editor/SpeedTreeImporter/Content/SpeedTree9/SpeedTreeWindMotion.uexp" 644
"../../../Engine/Plugins/Editor/SpeedTreeImporter/Content/SpeedTree9/SpeedTreeBranchMotion.uasset" 645
"../../../Engine/Plugins/Editor/SpeedTreeImporter/Content/SpeedTree9/SpeedTreeBranchMotion.uexp" 646
"../../../Engine/Plugins/Editor/SpeedTreeImporter/Content/SpeedTree9/SpeedTreeBillboard.uasset" 647
"../../../Engine/Plugins/Editor/SpeedTreeImporter/Content/SpeedTree9/SpeedTreeBillboard.uexp" 648
"../../../Engine/Plugins/Editor/SpeedTreeImporter/Content/SpeedTree9/EmptyNormal.uasset" 649
"../../../Engine/Plugins/Editor/SpeedTreeImporter/Content/SpeedTree9/EmptyNormal.uexp" 650
"../../../Engine/Plugins/Editor/SpeedTreeImporter/Content/SpeedTree9/Empty.uasset" 651
"../../../Engine/Plugins/Editor/SpeedTreeImporter/Content/SpeedTree9/Empty.uexp" 652
"../../../Engine/Content/Functions/Engine_MaterialFunctions02/ObjectLocalBounds.uasset" 653
"../../../Engine/Content/Functions/Engine_MaterialFunctions02/ObjectLocalBounds.uexp" 654
"../../../Engine/Content/Functions/Engine_MaterialFunctions02/UVs/BoundingBoxBased_0-1_UVW.uasset" 655
"../../../Engine/Content/Functions/Engine_MaterialFunctions02/UVs/BoundingBoxBased_0-1_UVW.uexp" 656
"../../../Engine/Content/Functions/Engine_MaterialFunctions02/Utility/VectorLength.uasset" 657
"../../../Engine/Content/Functions/Engine_MaterialFunctions02/Utility/VectorLength.uexp" 658
"../../../Engine/Content/Functions/Engine_MaterialFunctions02/WorldPositionOffset/ObjectScale.uasset" 659
"../../../Engine/Content/Functions/Engine_MaterialFunctions02/WorldPositionOffset/ObjectScale.uexp" 660
"../../../Engine/Plugins/Editor/SpeedTreeImporter/Content/SpeedTree9/SpeedTreeWind.uasset" 661
"../../../Engine/Plugins/Editor/SpeedTreeImporter/Content/SpeedTree9/SpeedTreeWind.uexp" 662
"../../../Engine/Plugins/Editor/SpeedTreeImporter/Content/SpeedTree9/SpeedTreeBillboardMaster.uasset" 663
"../../../Engine/Plugins/Editor/SpeedTreeImporter/Content/SpeedTree9/SpeedTreeBillboardMaster.uexp" 664
"../../../Engine/Plugins/Editor/SpeedTreeImporter/Content/SpeedTree9/SpeedTreeCameraFacing.uasset" 665
"../../../Engine/Plugins/Editor/SpeedTreeImporter/Content/SpeedTree9/SpeedTreeCameraFacing.uexp" 666
"../../../Engine/Plugins/Editor/SpeedTreeImporter/Content/SpeedTree9/SpeedTreeMaster.uasset" 667
"../../../Engine/Plugins/Editor/SpeedTreeImporter/Content/SpeedTree9/SpeedTreeMaster.uexp" 668
"../../../Engine/Content/BasicShapes/Cylinder.uasset" 669
"../../../Engine/Content/BasicShapes/Cylinder.uexp" 670
"../../../Engine/Content/ArtTools/RenderToTexture/Materials/Debug/M_Emissive_Color.uasset" 671
"../../../Engine/Content/ArtTools/RenderToTexture/Materials/Debug/M_Emissive_Color.uexp" 672
"../../../Engine/Plugins/Lumin/MagicLeapPassableWorld/Content/MagicLeapARPinInfoActor.uasset" 673
"../../../Engine/Plugins/Lumin/MagicLeapPassableWorld/Content/MagicLeapARPinInfoActor.uexp" 674
"../../../Engine/Plugins/Runtime/OpenXR/Content/Devices/GoogleDaydream/MRTexture.uasset" 675
"../../../Engine/Plugins/Runtime/OpenXR/Content/Devices/GoogleDaydream/MRTexture.uexp" 676
"../../../Engine/Plugins/Runtime/OpenXR/Content/Devices/GoogleDaydream/MRTexture.ubulk" 677
"../../../Engine/Plugins/Runtime/OpenXR/Content/Devices/GoogleDaydream/BaseTexture.uasset" 678
"../../../Engine/Plugins/Runtime/OpenXR/Content/Devices/GoogleDaydream/BaseTexture.uexp" 679
"../../../Engine/Plugins/Runtime/OpenXR/Content/Devices/GoogleDaydream/BaseTexture.ubulk" 680
"../../../Engine/Content/EngineResources/Black.uasset" 681
"../../../Engine/Content/EngineResources/Black.uexp" 682
"../../../Engine/Plugins/Runtime/OpenXR/Content/Devices/M_XRController.uasset" 683
"../../../Engine/Plugins/Runtime/OpenXR/Content/Devices/M_XRController.uexp" 684
"../../../Engine/Plugins/Runtime/OpenXR/Content/Devices/GoogleDaydream/MI_GoogleDaydream.uasset" 685
"../../../Engine/Plugins/Runtime/OpenXR/Content/Devices/GoogleDaydream/MI_GoogleDaydream.uexp" 686
"../../../Engine/Plugins/Runtime/OpenXR/Content/Devices/GoogleDaydream/GoogleDaydreamController.uasset" 687
"../../../Engine/Plugins/Runtime/OpenXR/Content/Devices/GoogleDaydream/GoogleDaydreamController.uexp" 688
"../../../Engine/Plugins/Runtime/OpenXR/Content/Devices/HTCVive/BaseTexture.uasset" 689
"../../../Engine/Plugins/Runtime/OpenXR/Content/Devices/HTCVive/BaseTexture.uexp" 690
"../../../Engine/Plugins/Runtime/OpenXR/Content/Devices/HTCVive/BaseTexture.ubulk" 691
"../../../Engine/Plugins/Runtime/OpenXR/Content/Devices/HTCVive/MI_HTCVive.uasset" 692
"../../../Engine/Plugins/Runtime/OpenXR/Content/Devices/HTCVive/MI_HTCVive.uexp" 693
"../../../Engine/Plugins/Runtime/OpenXR/Content/Devices/HTCVive/HTCViveController.uasset" 694
"../../../Engine/Plugins/Runtime/OpenXR/Content/Devices/HTCVive/HTCViveController.uexp" 695
"../../../Engine/Plugins/Runtime/OpenXR/Content/Devices/MicrosoftMixedReality/NormalTexture.uasset" 696
"../../../Engine/Plugins/Runtime/OpenXR/Content/Devices/MicrosoftMixedReality/NormalTexture.uexp" 697
"../../../Engine/Plugins/Runtime/OpenXR/Content/Devices/MicrosoftMixedReality/NormalTexture.ubulk" 698
"../../../Engine/Plugins/Runtime/OpenXR/Content/Devices/MicrosoftMixedReality/MRTexture.uasset" 699
"../../../Engine/Plugins/Runtime/OpenXR/Content/Devices/MicrosoftMixedReality/MRTexture.uexp" 700
"../../../Engine/Plugins/Runtime/OpenXR/Content/Devices/MicrosoftMixedReality/MRTexture.ubulk" 701
"../../../Engine/Plugins/Runtime/OpenXR/Content/Devices/MicrosoftMixedReality/EmissiveTexture.uasset" 702
"../../../Engine/Plugins/Runtime/OpenXR/Content/Devices/MicrosoftMixedReality/EmissiveTexture.uexp" 703
"../../../Engine/Plugins/Runtime/OpenXR/Content/Devices/MicrosoftMixedReality/EmissiveTexture.ubulk" 704
"../../../Engine/Plugins/Runtime/OpenXR/Content/Devices/MicrosoftMixedReality/BaseTexture.uasset" 705
"../../../Engine/Plugins/Runtime/OpenXR/Content/Devices/MicrosoftMixedReality/BaseTexture.uexp" 706
"../../../Engine/Plugins/Runtime/OpenXR/Content/Devices/MicrosoftMixedReality/BaseTexture.ubulk" 707
"../../../Engine/Plugins/Runtime/OpenXR/Content/Devices/MicrosoftMixedReality/MI_MicrosoftMixedReality.uasset" 708
"../../../Engine/Plugins/Runtime/OpenXR/Content/Devices/MicrosoftMixedReality/MI_MicrosoftMixedReality.uexp" 709
"../../../Engine/Plugins/Runtime/OpenXR/Content/Devices/MicrosoftMixedReality/Left/left_MicrosoftMixedRealityController.uasset" 710
"../../../Engine/Plugins/Runtime/OpenXR/Content/Devices/MicrosoftMixedReality/Left/left_MicrosoftMixedRealityController.uexp" 711
"../../../Engine/Plugins/Runtime/OpenXR/Content/Devices/MicrosoftMixedReality/Right/right_MicrosoftMixedRealityController.uasset" 712
"../../../Engine/Plugins/Runtime/OpenXR/Content/Devices/MicrosoftMixedReality/Right/right_MicrosoftMixedRealityController.uexp" 713
"../../../Engine/Plugins/Runtime/OpenXR/Content/Devices/OculusGo/BaseTexture.uasset" 714
"../../../Engine/Plugins/Runtime/OpenXR/Content/Devices/OculusGo/BaseTexture.uexp" 715
"../../../Engine/Plugins/Runtime/OpenXR/Content/Devices/OculusGo/BaseTexture.ubulk" 716
"../../../Engine/Plugins/Runtime/OpenXR/Content/Devices/OculusGo/MI_OculusGo.uasset" 717
"../../../Engine/Plugins/Runtime/OpenXR/Content/Devices/OculusGo/MI_OculusGo.uexp" 718
"../../../Engine/Plugins/Runtime/OpenXR/Content/Devices/OculusGo/OculusGoController.uasset" 719
"../../../Engine/Plugins/Runtime/OpenXR/Content/Devices/OculusGo/OculusGoController.uexp" 720
"../../../Engine/Plugins/Runtime/OpenXR/Content/Devices/OculusTouch/MRTexture.uasset" 721
"../../../Engine/Plugins/Runtime/OpenXR/Content/Devices/OculusTouch/MRTexture.uexp" 722
"../../../Engine/Plugins/Runtime/OpenXR/Content/Devices/OculusTouch/MRTexture.ubulk" 723
"../../../Engine/Plugins/Runtime/OpenXR/Content/Devices/OculusTouch/BaseTexture.uasset" 724
"../../../Engine/Plugins/Runtime/OpenXR/Content/Devices/OculusTouch/BaseTexture.uexp" 725
"../../../Engine/Plugins/Runtime/OpenXR/Content/Devices/OculusTouch/BaseTexture.ubulk" 726
"../../../Engine/Plugins/Runtime/OpenXR/Content/Devices/OculusTouch/MI_OculusTouch.uasset" 727
"../../../Engine/Plugins/Runtime/OpenXR/Content/Devices/OculusTouch/MI_OculusTouch.uexp" 728
"../../../Engine/Plugins/Runtime/OpenXR/Content/Devices/OculusTouch/Left/left_OculusTouchController.uasset" 729
"../../../Engine/Plugins/Runtime/OpenXR/Content/Devices/OculusTouch/Left/left_OculusTouchController.uexp" 730
"../../../Engine/Plugins/Runtime/OpenXR/Content/Devices/OculusTouch/Right/right_OculusTouchController.uasset" 731
"../../../Engine/Plugins/Runtime/OpenXR/Content/Devices/OculusTouch/Right/right_OculusTouchController.uexp" 732
"../../../Engine/Plugins/Runtime/OpenXR/Content/Devices/OculusTouch_v2/MRTexture.uasset" 733
"../../../Engine/Plugins/Runtime/OpenXR/Content/Devices/OculusTouch_v2/MRTexture.uexp" 734
"../../../Engine/Plugins/Runtime/OpenXR/Content/Devices/OculusTouch_v2/MRTexture.ubulk" 735
"../../../Engine/Plugins/Runtime/OpenXR/Content/Devices/OculusTouch_v2/BaseTexture.uasset" 736
"../../../Engine/Plugins/Runtime/OpenXR/Content/Devices/OculusTouch_v2/BaseTexture.uexp" 737
"../../../Engine/Plugins/Runtime/OpenXR/Content/Devices/OculusTouch_v2/BaseTexture.ubulk" 738
"../../../Engine/Plugins/Runtime/OpenXR/Content/Devices/OculusTouch_v2/MI_OculusTouch_v2.uasset" 739
"../../../Engine/Plugins/Runtime/OpenXR/Content/Devices/OculusTouch_v2/MI_OculusTouch_v2.uexp" 740
"../../../Engine/Plugins/Runtime/OpenXR/Content/Devices/OculusTouch_v2/Left/left_OculusTouch_v2Controller.uasset" 741
"../../../Engine/Plugins/Runtime/OpenXR/Content/Devices/OculusTouch_v2/Left/left_OculusTouch_v2Controller.uexp" 742
"../../../Engine/Plugins/Runtime/OpenXR/Content/Devices/OculusTouch_v2/Right/right_OculusTouch_v2Controller.uasset" 743
"../../../Engine/Plugins/Runtime/OpenXR/Content/Devices/OculusTouch_v2/Right/right_OculusTouch_v2Controller.uexp" 744
"../../../Engine/Plugins/Runtime/OpenXR/Content/Devices/OculusTouch_v3/MRTexture.uasset" 745
"../../../Engine/Plugins/Runtime/OpenXR/Content/Devices/OculusTouch_v3/MRTexture.uexp" 746
"../../../Engine/Plugins/Runtime/OpenXR/Content/Devices/OculusTouch_v3/MRTexture.ubulk" 747
"../../../Engine/Plugins/Runtime/OpenXR/Content/Devices/OculusTouch_v3/BaseTexture.uasset" 748
"../../../Engine/Plugins/Runtime/OpenXR/Content/Devices/OculusTouch_v3/BaseTexture.uexp" 749
"../../../Engine/Plugins/Runtime/OpenXR/Content/Devices/OculusTouch_v3/BaseTexture.ubulk" 750
"../../../Engine/Plugins/Runtime/OpenXR/Content/Devices/OculusTouch_v3/MI_OculusTouch_v3.uasset" 751
"../../../Engine/Plugins/Runtime/OpenXR/Content/Devices/OculusTouch_v3/MI_OculusTouch_v3.uexp" 752
"../../../Engine/Plugins/Runtime/OpenXR/Content/Devices/OculusTouch_v3/Left/left_OculusTouch_v3Controller.uasset" 753
"../../../Engine/Plugins/Runtime/OpenXR/Content/Devices/OculusTouch_v3/Left/left_OculusTouch_v3Controller.uexp" 754
"../../../Engine/Plugins/Runtime/OpenXR/Content/Devices/OculusTouch_v3/Right/right_OculusTouch_v3Controller.uasset" 755
"../../../Engine/Plugins/Runtime/OpenXR/Content/Devices/OculusTouch_v3/Right/right_OculusTouch_v3Controller.uexp" 756
"../../../Engine/Plugins/Runtime/OpenXR/Content/Devices/ValveIndex/MRTexture.uasset" 757
"../../../Engine/Plugins/Runtime/OpenXR/Content/Devices/ValveIndex/MRTexture.uexp" 758
"../../../Engine/Plugins/Runtime/OpenXR/Content/Devices/ValveIndex/MRTexture.ubulk" 759
"../../../Engine/Plugins/Runtime/OpenXR/Content/Devices/ValveIndex/BaseTexture.uasset" 760
"../../../Engine/Plugins/Runtime/OpenXR/Content/Devices/ValveIndex/BaseTexture.uexp" 761
"../../../Engine/Plugins/Runtime/OpenXR/Content/Devices/ValveIndex/BaseTexture.ubulk" 762
"../../../Engine/Plugins/Runtime/OpenXR/Content/Devices/ValveIndex/Left/MI_left_ValveIndex.uasset" 763
"../../../Engine/Plugins/Runtime/OpenXR/Content/Devices/ValveIndex/Left/MI_left_ValveIndex.uexp" 764
"../../../Engine/Plugins/Runtime/OpenXR/Content/Devices/ValveIndex/Left/left_ValveIndexController.uasset" 765
"../../../Engine/Plugins/Runtime/OpenXR/Content/Devices/ValveIndex/Left/left_ValveIndexController.uexp" 766
"../../../Engine/Plugins/Runtime/OpenXR/Content/Devices/ValveIndex/Right/MI_right_ValveIndex.uasset" 767
"../../../Engine/Plugins/Runtime/OpenXR/Content/Devices/ValveIndex/Right/MI_right_ValveIndex.uexp" 768
"../../../Engine/Plugins/Runtime/OpenXR/Content/Devices/ValveIndex/Right/right_ValveIndexController.uasset" 769
"../../../Engine/Plugins/Runtime/OpenXR/Content/Devices/ValveIndex/Right/right_ValveIndexController.uexp" 770
"../../../Engine/Content/Functions/Engine_MaterialFunctions02/Utility/BreakOutFloat4Components.uasset" 771
"../../../Engine/Content/Functions/Engine_MaterialFunctions02/Utility/BreakOutFloat4Components.uexp" 772
"../../../Engine/Content/Functions/Engine_MaterialFunctions02/Utility/MakeFloat3.uasset" 773
"../../../Engine/Content/Functions/Engine_MaterialFunctions02/Utility/MakeFloat3.uexp" 774
"../../../Engine/Plugins/Runtime/Oculus/OculusVR/Content/Materials/OculusMR_ChromaKey.uasset" 775
"../../../Engine/Plugins/Runtime/Oculus/OculusVR/Content/Materials/OculusMR_ChromaKey.uexp" 776
"../../../Engine/Plugins/Runtime/Oculus/OculusVR/Content/Materials/OculusMR_OpaqueColoredMaterial.uasset" 777
"../../../Engine/Plugins/Runtime/Oculus/OculusVR/Content/Materials/OculusMR_OpaqueColoredMaterial.uexp" 778
"../../../Engine/Plugins/Runtime/Oculus/OculusVR/Content/Materials/PokeAHoleMaterial.uasset" 779
"../../../Engine/Plugins/Runtime/Oculus/OculusVR/Content/Materials/PokeAHoleMaterial.uexp" 780
"../../../Engine/Plugins/Runtime/Oculus/OculusVR/Content/Textures/touchController_controlmap.uasset" 781
"../../../Engine/Plugins/Runtime/Oculus/OculusVR/Content/Textures/touchController_controlmap.uexp" 782
"../../../Engine/Plugins/Runtime/Oculus/OculusVR/Content/Textures/touchController_controlmap.ubulk" 783
"../../../Engine/Plugins/Runtime/Oculus/OculusVR/Content/Textures/touchController_albedo.uasset" 784
"../../../Engine/Plugins/Runtime/Oculus/OculusVR/Content/Textures/touchController_albedo.uexp" 785
"../../../Engine/Plugins/Runtime/Oculus/OculusVR/Content/Textures/touchController_albedo.ubulk" 786
"../../../Engine/Plugins/Runtime/Oculus/OculusVR/Content/Materials/touchController_mat.uasset" 787
"../../../Engine/Plugins/Runtime/Oculus/OculusVR/Content/Materials/touchController_mat.uexp" 788
"../../../Engine/Plugins/Runtime/Oculus/OculusVR/Content/Meshes/LeftTouchController.uasset" 789
"../../../Engine/Plugins/Runtime/Oculus/OculusVR/Content/Meshes/LeftTouchController.uexp" 790
"../../../Engine/Plugins/Runtime/Oculus/OculusVR/Content/Textures/TouchForQuestRiftSController_albedo.uasset" 791
"../../../Engine/Plugins/Runtime/Oculus/OculusVR/Content/Textures/TouchForQuestRiftSController_albedo.uexp" 792
"../../../Engine/Plugins/Runtime/Oculus/OculusVR/Content/Textures/TouchForQuestRiftSController_albedo.ubulk" 793
"../../../Engine/Plugins/Runtime/Oculus/OculusVR/Content/Materials/TouchForQuestRiftSControllerMaterial.uasset" 794
"../../../Engine/Plugins/Runtime/Oculus/OculusVR/Content/Materials/TouchForQuestRiftSControllerMaterial.uexp" 795
"../../../Engine/Plugins/Runtime/Oculus/OculusVR/Content/Meshes/LeftTouchForQuestRiftSController.uasset" 796
"../../../Engine/Plugins/Runtime/Oculus/OculusVR/Content/Meshes/LeftTouchForQuestRiftSController.uexp" 797
"../../../Engine/Plugins/Runtime/Oculus/OculusVR/Content/Meshes/RiftHMD.uasset" 798
"../../../Engine/Plugins/Runtime/Oculus/OculusVR/Content/Meshes/RiftHMD.uexp" 799
"../../../Engine/Plugins/Runtime/Oculus/OculusVR/Content/Meshes/RightTouchController.uasset" 800
"../../../Engine/Plugins/Runtime/Oculus/OculusVR/Content/Meshes/RightTouchController.uexp" 801
"../../../Engine/Plugins/Runtime/Oculus/OculusVR/Content/Meshes/RightTouchForQuestRiftSController.uasset" 802
"../../../Engine/Plugins/Runtime/Oculus/OculusVR/Content/Meshes/RightTouchForQuestRiftSController.uexp" 803
"../../../Engine/Content/MapTemplates/SM_Template_Map_Floor.uasset" 804
"../../../Engine/Content/MapTemplates/SM_Template_Map_Floor.uexp" 805
"../../../Engine/Content/EngineSky/T_Sky_Stars.uasset" 806
"../../../Engine/Content/EngineSky/T_Sky_Stars.uexp" 807
"../../../Engine/Content/EngineSky/T_Sky_Stars.ubulk" 808
"../../../Engine/Content/EngineSky/T_Sky_Clouds_M.uasset" 809
"../../../Engine/Content/EngineSky/T_Sky_Clouds_M.uexp" 810
"../../../Engine/Content/EngineSky/T_Sky_Clouds_M.ubulk" 811
"../../../Engine/Content/EngineSky/T_Sky_Blue.uasset" 812
"../../../Engine/Content/EngineSky/T_Sky_Blue.uexp" 813
"../../../Engine/Content/EngineSky/T_Sky_Blue.ubulk" 814
"../../../Engine/Content/EngineSky/M_Sky_Panning_Clouds2.uasset" 815
"../../../Engine/Content/EngineSky/M_Sky_Panning_Clouds2.uexp" 816
"C:/Users/gamen/Desktop/Learning UE4/AdvancedSession/Content/Maps/Lobby_BuiltData.uasset" 817
"C:/Users/gamen/Desktop/Learning UE4/AdvancedSession/Content/Maps/Lobby_BuiltData.uexp" 818
"C:/Users/gamen/Desktop/Learning UE4/AdvancedSession/Content/Maps/Lobby_BuiltData.ubulk" 819
"../../../Engine/Content/EngineSky/SM_SkySphere.uasset" 820
"../../../Engine/Content/EngineSky/SM_SkySphere.uexp" 821
"../../../Engine/Content/EngineSky/C_Sky_Zenith_Color.uasset" 822
"../../../Engine/Content/EngineSky/C_Sky_Zenith_Color.uexp" 823
"../../../Engine/Content/EngineSky/C_Sky_Horizon_Color.uasset" 824
"../../../Engine/Content/EngineSky/C_Sky_Horizon_Color.uexp" 825
"../../../Engine/Content/EngineSky/C_Sky_Cloud_Color.uasset" 826
"../../../Engine/Content/EngineSky/C_Sky_Cloud_Color.uexp" 827
"../../../Engine/Content/EngineSky/BP_Sky_Sphere.uasset" 828
"../../../Engine/Content/EngineSky/BP_Sky_Sphere.uexp" 829
"C:/Users/gamen/Desktop/Learning UE4/AdvancedSession/Content/Maps/Lobby.uexp" 830
"C:/Users/gamen/Desktop/Learning UE4/AdvancedSession/Content/Maps/Lobby.umap" 831
"../../../Engine/Content/EngineMaterials/DefaultPhysicalMaterial.uasset" 832
"../../../Engine/Content/EngineMaterials/DefaultPhysicalMaterial.uexp" 833
"C:/Users/gamen/Desktop/Learning UE4/AdvancedSession/Content/Maps/Map1_BuiltData.uasset" 834
"C:/Users/gamen/Desktop/Learning UE4/AdvancedSession/Content/Maps/Map1_BuiltData.uexp" 835
"C:/Users/gamen/Desktop/Learning UE4/AdvancedSession/Content/Maps/Map1_BuiltData.ubulk" 836
"C:/Users/gamen/Desktop/Learning UE4/AdvancedSession/Content/Maps/Map1.uexp" 837
"C:/Users/gamen/Desktop/Learning UE4/AdvancedSession/Content/Maps/Map1.ubulk" 838
"C:/Users/gamen/Desktop/Learning UE4/AdvancedSession/Content/Maps/Map1.umap" 839
"C:/Users/gamen/Desktop/Learning UE4/AdvancedSession/Content/Maps/Map2_BuiltData.uasset" 840
"C:/Users/gamen/Desktop/Learning UE4/AdvancedSession/Content/Maps/Map2_BuiltData.uexp" 841
"C:/Users/gamen/Desktop/Learning UE4/AdvancedSession/Content/Maps/Map2_BuiltData.ubulk" 842
"C:/Users/gamen/Desktop/Learning UE4/AdvancedSession/Content/ThirdPersonBP/Blueprints/ThirdPersonGameMode.uasset" 843
"C:/Users/gamen/Desktop/Learning UE4/AdvancedSession/Content/ThirdPersonBP/Blueprints/ThirdPersonGameMode.uexp" 844
"C:/Users/gamen/Desktop/Learning UE4/AdvancedSession/Content/Maps/Map2.uexp" 845
"C:/Users/gamen/Desktop/Learning UE4/AdvancedSession/Content/Maps/Map2.umap" 846
"C:/Users/gamen/Desktop/Learning UE4/AdvancedSession/Content/Ui/ServerChild.uasset" 847
"C:/Users/gamen/Desktop/Learning UE4/AdvancedSession/Content/Ui/ServerChild.uexp" 848
"C:/Users/gamen/Desktop/Learning UE4/AdvancedSession/Content/Blueprints/ServerChildStructure.uasset" 849
"C:/Users/gamen/Desktop/Learning UE4/AdvancedSession/Content/Blueprints/ServerChildStructure.uexp" 850
"C:/Users/gamen/Desktop/Learning UE4/AdvancedSession/Content/Ui/ServerMenu.uasset" 851
"C:/Users/gamen/Desktop/Learning UE4/AdvancedSession/Content/Ui/ServerMenu.uexp" 852
"C:/Users/gamen/Desktop/Learning UE4/AdvancedSession/Content/Ui/MainMenuWB.uasset" 853
"C:/Users/gamen/Desktop/Learning UE4/AdvancedSession/Content/Ui/MainMenuWB.uexp" 854
"C:/Users/gamen/Desktop/Learning UE4/AdvancedSession/Content/Maps/Menu.uexp" 855
"C:/Users/gamen/Desktop/Learning UE4/AdvancedSession/Content/Maps/Menu.umap" 856
"C:/Users/gamen/Desktop/Learning UE4/AdvancedSession/Content/Maps/NewSystemMap_BuiltData.uasset" 857
"C:/Users/gamen/Desktop/Learning UE4/AdvancedSession/Content/Maps/NewSystemMap_BuiltData.uexp" 858
"C:/Users/gamen/Desktop/Learning UE4/AdvancedSession/Content/Maps/NewSystemMap_BuiltData.ubulk" 859
"C:/Users/gamen/Desktop/Learning UE4/AdvancedSession/Content/Maps/NewSystemMap.uexp" 860
"C:/Users/gamen/Desktop/Learning UE4/AdvancedSession/Content/Maps/NewSystemMap.umap" 861
"../../../Engine/Content/Maps/Entry_BuiltData.uasset" 862
"../../../Engine/Content/Maps/Entry_BuiltData.uexp" 863
"../../../Engine/Content/Maps/Entry.uexp" 864
"../../../Engine/Content/Maps/Entry.umap" 865
